0 info it worked if it ends with ok
1 verbose cli [ '/Users/dalgard/.meteor/packages/meteor-tool/.1.1.4.11zaivl++os.osx.x86_64+web.browser+web.cordova/mt-os.osx.x86_64/dev_bundle/bin/node',
1 verbose cli   '/Users/dalgard/.meteor/packages/meteor-tool/.1.1.4.11zaivl++os.osx.x86_64+web.browser+web.cordova/mt-os.osx.x86_64/dev_bundle/bin/npm',
1 verbose cli   'install' ]
2 info using npm@1.4.28
3 info using node@v0.10.36
4 warn package.json packages-for-meteor-smartpackage-1jf2i3t@0.0.0 No description
5 warn package.json packages-for-meteor-smartpackage-1jf2i3t@0.0.0 No repository field.
6 warn package.json packages-for-meteor-smartpackage-1jf2i3t@0.0.0 No README data
7 info shrinkwrap file "/Users/dalgard/Documents/Repositories/Meteor/packages/dalgard_viewmodel/packages/jade-compiler/.npm/package-new-xtluvy/npm-shrinkwrap.json"
8 verbose readDependencies returned deps { jade: 'https://github.com/mquandalle/jade/tarball/f3f956fa1031e05f85be7bc7b67f12e9ec80ba37' }
9 verbose install where, deps [ '/Users/dalgard/Documents/Repositories/Meteor/packages/dalgard_viewmodel/packages/jade-compiler/.npm/package-new-xtluvy',
9 verbose install   [ 'jade' ] ]
10 info preinstall packages-for-meteor-smartpackage-1jf2i3t@0.0.0
11 info shrinkwrap file "/Users/dalgard/Documents/Repositories/Meteor/packages/dalgard_viewmodel/packages/jade-compiler/.npm/package-new-xtluvy/npm-shrinkwrap.json"
12 verbose readDependencies returned deps { jade: 'https://github.com/mquandalle/jade/tarball/f3f956fa1031e05f85be7bc7b67f12e9ec80ba37' }
13 verbose cache add [ 'jade@https://github.com/mquandalle/jade/tarball/f3f956fa1031e05f85be7bc7b67f12e9ec80ba37',
13 verbose cache add   null ]
14 verbose cache add name=undefined spec="jade@https://github.com/mquandalle/jade/tarball/f3f956fa1031e05f85be7bc7b67f12e9ec80ba37" args=["jade@https://github.com/mquandalle/jade/tarball/f3f956fa1031e05f85be7bc7b67f12e9ec80ba37",null]
15 verbose parsed url { protocol: null,
15 verbose parsed url   slashes: null,
15 verbose parsed url   auth: null,
15 verbose parsed url   host: null,
15 verbose parsed url   port: null,
15 verbose parsed url   hostname: null,
15 verbose parsed url   hash: null,
15 verbose parsed url   search: null,
15 verbose parsed url   query: null,
15 verbose parsed url   pathname: 'jade@https://github.com/mquandalle/jade/tarball/f3f956fa1031e05f85be7bc7b67f12e9ec80ba37',
15 verbose parsed url   path: 'jade@https://github.com/mquandalle/jade/tarball/f3f956fa1031e05f85be7bc7b67f12e9ec80ba37',
15 verbose parsed url   href: 'jade@https://github.com/mquandalle/jade/tarball/f3f956fa1031e05f85be7bc7b67f12e9ec80ba37' }
16 verbose cache add name="jade" spec="https://github.com/mquandalle/jade/tarball/f3f956fa1031e05f85be7bc7b67f12e9ec80ba37" args=["jade","https://github.com/mquandalle/jade/tarball/f3f956fa1031e05f85be7bc7b67f12e9ec80ba37"]
17 verbose parsed url { protocol: 'https:',
17 verbose parsed url   slashes: true,
17 verbose parsed url   auth: null,
17 verbose parsed url   host: 'github.com',
17 verbose parsed url   port: null,
17 verbose parsed url   hostname: 'github.com',
17 verbose parsed url   hash: null,
17 verbose parsed url   search: null,
17 verbose parsed url   query: null,
17 verbose parsed url   pathname: '/mquandalle/jade/tarball/f3f956fa1031e05f85be7bc7b67f12e9ec80ba37',
17 verbose parsed url   path: '/mquandalle/jade/tarball/f3f956fa1031e05f85be7bc7b67f12e9ec80ba37',
17 verbose parsed url   href: 'https://github.com/mquandalle/jade/tarball/f3f956fa1031e05f85be7bc7b67f12e9ec80ba37' }
18 silly lockFile f5ff93c0-1031e05f85be7bc7b67f12e9ec80ba37 https://github.com/mquandalle/jade/tarball/f3f956fa1031e05f85be7bc7b67f12e9ec80ba37
19 verbose lock https://github.com/mquandalle/jade/tarball/f3f956fa1031e05f85be7bc7b67f12e9ec80ba37 /Users/dalgard/.npm/f5ff93c0-1031e05f85be7bc7b67f12e9ec80ba37.lock
20 verbose addRemoteTarball [ 'https://github.com/mquandalle/jade/tarball/f3f956fa1031e05f85be7bc7b67f12e9ec80ba37',
20 verbose addRemoteTarball   null ]
21 info retry fetch attempt 1 at 14:36:47
22 verbose fetch to= /var/folders/vn/vssh7lg11yx03wc7r41v57vm0000gn/T/npm-27225-cp9loRM6/github.com/mquandalle/jade/tarball/f3f956fa1031e05f85be7bc7b67f12e9ec80ba37
23 http GET https://github.com/mquandalle/jade/tarball/f3f956fa1031e05f85be7bc7b67f12e9ec80ba37
24 http 200 https://github.com/mquandalle/jade/tarball/f3f956fa1031e05f85be7bc7b67f12e9ec80ba37
25 verbose tar unpack /var/folders/vn/vssh7lg11yx03wc7r41v57vm0000gn/T/npm-27225-cp9loRM6/github.com/mquandalle/jade/tarball/f3f956fa1031e05f85be7bc7b67f12e9ec80ba37
26 silly lockFile 5fd65b68-f85be7bc7b67f12e9ec80ba37-unpack tar:///var/folders/vn/vssh7lg11yx03wc7r41v57vm0000gn/T/npm-27225-cp9loRM6/github.com/mquandalle/jade/tarball/f3f956fa1031e05f85be7bc7b67f12e9ec80ba37-unpack
27 verbose lock tar:///var/folders/vn/vssh7lg11yx03wc7r41v57vm0000gn/T/npm-27225-cp9loRM6/github.com/mquandalle/jade/tarball/f3f956fa1031e05f85be7bc7b67f12e9ec80ba37-unpack /Users/dalgard/.npm/5fd65b68-f85be7bc7b67f12e9ec80ba37-unpack.lock
28 silly lockFile 2e65168b-1031e05f85be7bc7b67f12e9ec80ba37 tar:///var/folders/vn/vssh7lg11yx03wc7r41v57vm0000gn/T/npm-27225-cp9loRM6/github.com/mquandalle/jade/tarball/f3f956fa1031e05f85be7bc7b67f12e9ec80ba37
29 verbose lock tar:///var/folders/vn/vssh7lg11yx03wc7r41v57vm0000gn/T/npm-27225-cp9loRM6/github.com/mquandalle/jade/tarball/f3f956fa1031e05f85be7bc7b67f12e9ec80ba37 /Users/dalgard/.npm/2e65168b-1031e05f85be7bc7b67f12e9ec80ba37.lock
30 silly gunzTarPerm modes [ '755', '644' ]
31 silly gunzTarPerm extractEntry
32 silly gunzTarPerm modified mode [ '', 509, 493 ]
33 silly gunzTarPerm extractEntry .gitignore
34 silly gunzTarPerm modified mode [ '.gitignore', 436, 420 ]
35 silly gunzTarPerm extractEntry .gitmodules
36 silly gunzTarPerm modified mode [ '.gitmodules', 436, 420 ]
37 silly gunzTarPerm extractEntry .npmignore
38 silly gunzTarPerm modified mode [ '.npmignore', 436, 420 ]
39 silly gunzTarPerm extractEntry .travis.yml
40 silly gunzTarPerm modified mode [ '.travis.yml', 436, 420 ]
41 silly gunzTarPerm extractEntry History.md
42 silly gunzTarPerm modified mode [ 'History.md', 436, 420 ]
43 silly gunzTarPerm extractEntry LICENSE
44 silly gunzTarPerm modified mode [ 'LICENSE', 436, 420 ]
45 silly gunzTarPerm extractEntry README.md
46 silly gunzTarPerm modified mode [ 'README.md', 436, 420 ]
47 silly gunzTarPerm extractEntry Readme_zh-cn.md
48 silly gunzTarPerm modified mode [ 'Readme_zh-cn.md', 436, 420 ]
49 silly gunzTarPerm extractEntry bin/
50 silly gunzTarPerm modified mode [ 'bin/', 509, 493 ]
51 silly gunzTarPerm extractEntry bin/jade.js
52 silly gunzTarPerm modified mode [ 'bin/jade.js', 509, 493 ]
53 silly gunzTarPerm extractEntry component.json
54 silly gunzTarPerm modified mode [ 'component.json', 436, 420 ]
55 silly gunzTarPerm extractEntry examples/
56 silly gunzTarPerm modified mode [ 'examples/', 509, 493 ]
57 silly gunzTarPerm extractEntry examples/README.md
58 silly gunzTarPerm modified mode [ 'examples/README.md', 436, 420 ]
59 silly gunzTarPerm extractEntry examples/attributes.jade
60 silly gunzTarPerm modified mode [ 'examples/attributes.jade', 436, 420 ]
61 silly gunzTarPerm extractEntry examples/attributes.js
62 silly gunzTarPerm modified mode [ 'examples/attributes.js', 436, 420 ]
63 silly gunzTarPerm extractEntry examples/code.jade
64 silly gunzTarPerm modified mode [ 'examples/code.jade', 436, 420 ]
65 silly gunzTarPerm extractEntry examples/code.js
66 silly gunzTarPerm modified mode [ 'examples/code.js', 436, 420 ]
67 silly gunzTarPerm extractEntry examples/csrf.jade
68 silly gunzTarPerm modified mode [ 'examples/csrf.jade', 436, 420 ]
69 silly gunzTarPerm extractEntry examples/csrf.js
70 silly gunzTarPerm modified mode [ 'examples/csrf.js', 436, 420 ]
71 silly gunzTarPerm extractEntry examples/dynamicscript.jade
72 silly gunzTarPerm modified mode [ 'examples/dynamicscript.jade', 436, 420 ]
73 silly gunzTarPerm extractEntry examples/dynamicscript.js
74 silly gunzTarPerm modified mode [ 'examples/dynamicscript.js', 436, 420 ]
75 silly gunzTarPerm extractEntry examples/each.jade
76 silly gunzTarPerm modified mode [ 'examples/each.jade', 436, 420 ]
77 silly gunzTarPerm extractEntry examples/each.js
78 silly gunzTarPerm modified mode [ 'examples/each.js', 436, 420 ]
79 silly gunzTarPerm extractEntry examples/extend-layout.jade
80 silly gunzTarPerm modified mode [ 'examples/extend-layout.jade', 436, 420 ]
81 silly gunzTarPerm extractEntry examples/extend.jade
82 silly gunzTarPerm modified mode [ 'examples/extend.jade', 436, 420 ]
83 silly gunzTarPerm extractEntry examples/extend.js
84 silly gunzTarPerm modified mode [ 'examples/extend.js', 436, 420 ]
85 silly gunzTarPerm extractEntry examples/form.jade
86 silly gunzTarPerm modified mode [ 'examples/form.jade', 436, 420 ]
87 silly gunzTarPerm extractEntry examples/form.js
88 silly gunzTarPerm modified mode [ 'examples/form.js', 436, 420 ]
89 silly gunzTarPerm extractEntry examples/includes.jade
90 silly gunzTarPerm modified mode [ 'examples/includes.jade', 436, 420 ]
91 silly gunzTarPerm extractEntry examples/includes.js
92 silly gunzTarPerm modified mode [ 'examples/includes.js', 436, 420 ]
93 silly gunzTarPerm extractEntry examples/includes/
94 silly gunzTarPerm modified mode [ 'examples/includes/', 509, 493 ]
95 silly gunzTarPerm extractEntry examples/includes/foot.jade
96 silly gunzTarPerm modified mode [ 'examples/includes/foot.jade', 436, 420 ]
97 silly gunzTarPerm extractEntry examples/includes/head.jade
98 silly gunzTarPerm modified mode [ 'examples/includes/head.jade', 436, 420 ]
99 silly gunzTarPerm extractEntry examples/includes/scripts.jade
100 silly gunzTarPerm modified mode [ 'examples/includes/scripts.jade', 436, 420 ]
101 silly gunzTarPerm extractEntry examples/includes/style.css
102 silly gunzTarPerm modified mode [ 'examples/includes/style.css', 436, 420 ]
103 silly gunzTarPerm extractEntry examples/layout-debug.js
104 silly gunzTarPerm modified mode [ 'examples/layout-debug.js', 436, 420 ]
105 silly gunzTarPerm extractEntry examples/layout.jade
106 silly gunzTarPerm modified mode [ 'examples/layout.jade', 436, 420 ]
107 silly gunzTarPerm extractEntry examples/layout.js
108 silly gunzTarPerm modified mode [ 'examples/layout.js', 436, 420 ]
109 silly gunzTarPerm extractEntry examples/mixins.jade
110 silly gunzTarPerm modified mode [ 'examples/mixins.jade', 436, 420 ]
111 silly gunzTarPerm extractEntry examples/mixins.js
112 silly gunzTarPerm modified mode [ 'examples/mixins.js', 436, 420 ]
113 silly gunzTarPerm extractEntry examples/mixins/
114 silly gunzTarPerm modified mode [ 'examples/mixins/', 509, 493 ]
115 silly gunzTarPerm extractEntry examples/mixins/dialog.jade
116 silly gunzTarPerm modified mode [ 'examples/mixins/dialog.jade', 436, 420 ]
117 silly gunzTarPerm extractEntry examples/mixins/profile.jade
118 silly gunzTarPerm modified mode [ 'examples/mixins/profile.jade', 436, 420 ]
119 silly gunzTarPerm extractEntry examples/pet.jade
120 silly gunzTarPerm modified mode [ 'examples/pet.jade', 436, 420 ]
121 silly gunzTarPerm extractEntry examples/rss.jade
122 silly gunzTarPerm modified mode [ 'examples/rss.jade', 436, 420 ]
123 silly gunzTarPerm extractEntry examples/rss.js
124 silly gunzTarPerm modified mode [ 'examples/rss.js', 436, 420 ]
125 silly gunzTarPerm extractEntry examples/text.jade
126 silly gunzTarPerm modified mode [ 'examples/text.jade', 436, 420 ]
127 silly gunzTarPerm extractEntry examples/text.js
128 silly gunzTarPerm modified mode [ 'examples/text.js', 436, 420 ]
129 silly gunzTarPerm extractEntry examples/whitespace.jade
130 silly gunzTarPerm modified mode [ 'examples/whitespace.jade', 436, 420 ]
131 silly gunzTarPerm extractEntry examples/whitespace.js
132 silly gunzTarPerm modified mode [ 'examples/whitespace.js', 436, 420 ]
133 silly gunzTarPerm extractEntry index.js
134 silly gunzTarPerm modified mode [ 'index.js', 436, 420 ]
135 silly gunzTarPerm extractEntry jade-language.md
136 silly gunzTarPerm modified mode [ 'jade-language.md', 436, 420 ]
137 silly gunzTarPerm extractEntry jade.js
138 silly gunzTarPerm modified mode [ 'jade.js', 436, 420 ]
139 silly gunzTarPerm extractEntry jade.md
140 silly gunzTarPerm modified mode [ 'jade.md', 436, 420 ]
141 silly gunzTarPerm extractEntry lib/
142 silly gunzTarPerm modified mode [ 'lib/', 509, 493 ]
143 silly gunzTarPerm extractEntry lib/compiler.js
144 silly gunzTarPerm modified mode [ 'lib/compiler.js', 436, 420 ]
145 silly gunzTarPerm extractEntry lib/doctypes.js
146 silly gunzTarPerm modified mode [ 'lib/doctypes.js', 436, 420 ]
147 silly gunzTarPerm extractEntry lib/filters-client.js
148 silly gunzTarPerm modified mode [ 'lib/filters-client.js', 436, 420 ]
149 silly gunzTarPerm extractEntry lib/filters.js
150 silly gunzTarPerm modified mode [ 'lib/filters.js', 436, 420 ]
151 silly gunzTarPerm extractEntry lib/index.js
152 silly gunzTarPerm modified mode [ 'lib/index.js', 511, 493 ]
153 silly gunzTarPerm extractEntry lib/inline-tags.js
154 silly gunzTarPerm modified mode [ 'lib/inline-tags.js', 436, 420 ]
155 silly gunzTarPerm extractEntry lib/jade.js
156 silly gunzTarPerm modified mode [ 'lib/jade.js', 436, 420 ]
157 silly gunzTarPerm extractEntry lib/lexer.js
158 silly gunzTarPerm modified mode [ 'lib/lexer.js', 436, 420 ]
159 silly gunzTarPerm extractEntry lib/nodes/
160 silly gunzTarPerm modified mode [ 'lib/nodes/', 509, 493 ]
161 silly gunzTarPerm extractEntry lib/nodes/attrs.js
162 silly gunzTarPerm modified mode [ 'lib/nodes/attrs.js', 436, 420 ]
163 silly gunzTarPerm extractEntry lib/nodes/block-comment.js
164 silly gunzTarPerm modified mode [ 'lib/nodes/block-comment.js', 436, 420 ]
165 silly gunzTarPerm extractEntry lib/nodes/block.js
166 silly gunzTarPerm modified mode [ 'lib/nodes/block.js', 436, 420 ]
167 silly gunzTarPerm extractEntry lib/nodes/case.js
168 silly gunzTarPerm modified mode [ 'lib/nodes/case.js', 436, 420 ]
169 silly gunzTarPerm extractEntry lib/nodes/code.js
170 silly gunzTarPerm modified mode [ 'lib/nodes/code.js', 436, 420 ]
171 silly gunzTarPerm extractEntry lib/nodes/comment.js
172 silly gunzTarPerm modified mode [ 'lib/nodes/comment.js', 436, 420 ]
173 silly gunzTarPerm extractEntry lib/nodes/doctype.js
174 silly gunzTarPerm modified mode [ 'lib/nodes/doctype.js', 436, 420 ]
175 silly gunzTarPerm extractEntry lib/nodes/each.js
176 silly gunzTarPerm modified mode [ 'lib/nodes/each.js', 436, 420 ]
177 silly gunzTarPerm extractEntry lib/nodes/filter.js
178 silly gunzTarPerm modified mode [ 'lib/nodes/filter.js', 436, 420 ]
179 silly gunzTarPerm extractEntry lib/nodes/index.js
180 silly gunzTarPerm modified mode [ 'lib/nodes/index.js', 436, 420 ]
181 silly gunzTarPerm extractEntry lib/nodes/literal.js
182 silly gunzTarPerm modified mode [ 'lib/nodes/literal.js', 436, 420 ]
183 silly gunzTarPerm extractEntry lib/nodes/mixin-block.js
184 silly gunzTarPerm modified mode [ 'lib/nodes/mixin-block.js', 436, 420 ]
185 silly gunzTarPerm extractEntry lib/nodes/mixin.js
186 silly gunzTarPerm modified mode [ 'lib/nodes/mixin.js', 436, 420 ]
187 silly gunzTarPerm extractEntry lib/nodes/node.js
188 silly gunzTarPerm modified mode [ 'lib/nodes/node.js', 436, 420 ]
189 silly gunzTarPerm extractEntry lib/nodes/tag.js
190 silly gunzTarPerm modified mode [ 'lib/nodes/tag.js', 436, 420 ]
191 silly gunzTarPerm extractEntry lib/nodes/text.js
192 silly gunzTarPerm modified mode [ 'lib/nodes/text.js', 436, 420 ]
193 silly gunzTarPerm extractEntry lib/parser.js
194 silly gunzTarPerm modified mode [ 'lib/parser.js', 436, 420 ]
195 silly gunzTarPerm extractEntry lib/runtime.js
196 silly gunzTarPerm modified mode [ 'lib/runtime.js', 436, 420 ]
197 silly gunzTarPerm extractEntry lib/self-closing.js
198 silly gunzTarPerm modified mode [ 'lib/self-closing.js', 436, 420 ]
199 silly gunzTarPerm extractEntry lib/utils.js
200 silly gunzTarPerm modified mode [ 'lib/utils.js', 436, 420 ]
201 silly gunzTarPerm extractEntry package.json
202 silly gunzTarPerm modified mode [ 'package.json', 436, 420 ]
203 silly gunzTarPerm extractEntry runtime.js
204 silly gunzTarPerm modified mode [ 'runtime.js', 436, 420 ]
205 silly gunzTarPerm extractEntry support/
206 silly gunzTarPerm modified mode [ 'support/', 509, 493 ]
207 silly gunzTarPerm extractEntry support/benchmark.js
208 silly gunzTarPerm modified mode [ 'support/benchmark.js', 436, 420 ]
209 silly gunzTarPerm extractEntry test/
210 silly gunzTarPerm modified mode [ 'test/', 509, 493 ]
211 silly gunzTarPerm extractEntry test/README.md
212 silly gunzTarPerm modified mode [ 'test/README.md', 436, 420 ]
213 silly gunzTarPerm extractEntry test/anti-cases/
214 silly gunzTarPerm modified mode [ 'test/anti-cases/', 509, 493 ]
215 silly gunzTarPerm extractEntry test/anti-cases/attrs.unescaped.jade
216 silly gunzTarPerm modified mode [ 'test/anti-cases/attrs.unescaped.jade', 436, 420 ]
217 silly gunzTarPerm extractEntry test/anti-cases/case-when.jade
218 silly gunzTarPerm modified mode [ 'test/anti-cases/case-when.jade', 436, 420 ]
219 silly gunzTarPerm extractEntry test/anti-cases/case-without-with.jade
220 silly gunzTarPerm modified mode [ 'test/anti-cases/case-without-with.jade', 436, 420 ]
221 silly gunzTarPerm extractEntry test/anti-cases/doctype-5.jade
222 silly gunzTarPerm modified mode [ 'test/anti-cases/doctype-5.jade', 436, 420 ]
223 silly gunzTarPerm extractEntry test/anti-cases/else-condition.jade
224 silly gunzTarPerm modified mode [ 'test/anti-cases/else-condition.jade', 436, 420 ]
225 silly gunzTarPerm extractEntry test/anti-cases/else-without-if.jade
226 silly gunzTarPerm modified mode [ 'test/anti-cases/else-without-if.jade', 436, 420 ]
227 silly gunzTarPerm extractEntry test/anti-cases/inlining-a-mixin-after-a-tag.jade
228 silly gunzTarPerm modified mode [ 'test/anti-cases/inlining-a-mixin-after-a-tag.jade', 436, 420 ]
229 silly gunzTarPerm extractEntry test/anti-cases/key-char-ending-badly.jade
230 silly gunzTarPerm modified mode [ 'test/anti-cases/key-char-ending-badly.jade', 436, 420 ]
231 silly gunzTarPerm extractEntry test/anti-cases/key-ending-badly.jade
232 silly gunzTarPerm modified mode [ 'test/anti-cases/key-ending-badly.jade', 436, 420 ]
233 silly gunzTarPerm extractEntry test/anti-cases/mixins-blocks-with-bodies.jade
234 silly gunzTarPerm modified mode [ 'test/anti-cases/mixins-blocks-with-bodies.jade', 436, 420 ]
235 silly gunzTarPerm extractEntry test/anti-cases/multiple-non-nested-tags-on-a-line.jade
236 silly gunzTarPerm modified mode [ 'test/anti-cases/multiple-non-nested-tags-on-a-line.jade',
236 silly gunzTarPerm   436,
236 silly gunzTarPerm   420 ]
237 silly gunzTarPerm extractEntry test/anti-cases/non-existant-filter.jade
238 silly gunzTarPerm modified mode [ 'test/anti-cases/non-existant-filter.jade', 436, 420 ]
239 silly gunzTarPerm extractEntry test/anti-cases/non-mixin-block.jade
240 silly gunzTarPerm modified mode [ 'test/anti-cases/non-mixin-block.jade', 436, 420 ]
241 silly gunzTarPerm extractEntry test/anti-cases/open-brace-in-attributes.jade
242 silly gunzTarPerm modified mode [ 'test/anti-cases/open-brace-in-attributes.jade', 436, 420 ]
243 silly gunzTarPerm extractEntry test/anti-cases/readme.md
244 silly gunzTarPerm modified mode [ 'test/anti-cases/readme.md', 436, 420 ]
245 silly gunzTarPerm extractEntry test/anti-cases/self-closing-tag-with-body.jade
246 silly gunzTarPerm modified mode [ 'test/anti-cases/self-closing-tag-with-body.jade', 436, 420 ]
247 silly gunzTarPerm extractEntry test/anti-cases/self-closing.jade
248 silly gunzTarPerm modified mode [ 'test/anti-cases/self-closing.jade', 436, 420 ]
249 silly gunzTarPerm extractEntry test/anti-cases/tabs-and-spaces.jade
250 silly gunzTarPerm modified mode [ 'test/anti-cases/tabs-and-spaces.jade', 436, 420 ]
251 silly gunzTarPerm extractEntry test/browser/
252 silly gunzTarPerm modified mode [ 'test/browser/', 509, 493 ]
253 silly gunzTarPerm extractEntry test/browser/index.html
254 silly gunzTarPerm modified mode [ 'test/browser/index.html', 436, 420 ]
255 silly gunzTarPerm extractEntry test/browser/index.jade
256 silly gunzTarPerm modified mode [ 'test/browser/index.jade', 436, 420 ]
257 silly gunzTarPerm extractEntry test/cases/
258 silly gunzTarPerm modified mode [ 'test/cases/', 509, 493 ]
259 silly gunzTarPerm extractEntry test/cases/attrs-data.html
260 silly gunzTarPerm modified mode [ 'test/cases/attrs-data.html', 436, 420 ]
261 silly gunzTarPerm extractEntry test/cases/attrs-data.jade
262 silly gunzTarPerm modified mode [ 'test/cases/attrs-data.jade', 436, 420 ]
263 silly gunzTarPerm extractEntry test/cases/attrs.html
264 silly gunzTarPerm modified mode [ 'test/cases/attrs.html', 436, 420 ]
265 silly gunzTarPerm extractEntry test/cases/attrs.interpolation.html
266 silly gunzTarPerm modified mode [ 'test/cases/attrs.interpolation.html', 436, 420 ]
267 silly gunzTarPerm extractEntry test/cases/attrs.interpolation.jade
268 silly gunzTarPerm modified mode [ 'test/cases/attrs.interpolation.jade', 436, 420 ]
269 silly gunzTarPerm extractEntry test/cases/attrs.jade
270 silly gunzTarPerm modified mode [ 'test/cases/attrs.jade', 436, 420 ]
271 silly gunzTarPerm extractEntry test/cases/attrs.js.html
272 silly gunzTarPerm modified mode [ 'test/cases/attrs.js.html', 436, 420 ]
273 silly gunzTarPerm extractEntry test/cases/attrs.js.jade
274 silly gunzTarPerm modified mode [ 'test/cases/attrs.js.jade', 436, 420 ]
275 silly gunzTarPerm extractEntry test/cases/attrs.unescaped.html
276 silly gunzTarPerm modified mode [ 'test/cases/attrs.unescaped.html', 436, 420 ]
277 silly gunzTarPerm extractEntry test/cases/attrs.unescaped.jade
278 silly gunzTarPerm modified mode [ 'test/cases/attrs.unescaped.jade', 436, 420 ]
279 silly gunzTarPerm extractEntry test/cases/auxiliary/
280 silly gunzTarPerm modified mode [ 'test/cases/auxiliary/', 509, 493 ]
281 silly gunzTarPerm extractEntry test/cases/auxiliary/dialog.jade
282 silly gunzTarPerm modified mode [ 'test/cases/auxiliary/dialog.jade', 436, 420 ]
283 silly gunzTarPerm extractEntry test/cases/auxiliary/empty-block.jade
284 silly gunzTarPerm modified mode [ 'test/cases/auxiliary/empty-block.jade', 436, 420 ]
285 silly gunzTarPerm extractEntry test/cases/auxiliary/escapes.html
286 silly gunzTarPerm modified mode [ 'test/cases/auxiliary/escapes.html', 436, 420 ]
287 silly gunzTarPerm extractEntry test/cases/auxiliary/extends-empty-block-1.jade
288 silly gunzTarPerm modified mode [ 'test/cases/auxiliary/extends-empty-block-1.jade', 436, 420 ]
289 silly gunzTarPerm extractEntry test/cases/auxiliary/extends-empty-block-2.jade
290 silly gunzTarPerm modified mode [ 'test/cases/auxiliary/extends-empty-block-2.jade', 436, 420 ]
291 silly gunzTarPerm extractEntry test/cases/auxiliary/extends-from-root.jade
292 silly gunzTarPerm modified mode [ 'test/cases/auxiliary/extends-from-root.jade', 436, 420 ]
293 silly gunzTarPerm extractEntry test/cases/auxiliary/includable.js
294 silly gunzTarPerm modified mode [ 'test/cases/auxiliary/includable.js', 436, 420 ]
295 silly gunzTarPerm extractEntry test/cases/auxiliary/include-from-root.jade
296 silly gunzTarPerm modified mode [ 'test/cases/auxiliary/include-from-root.jade', 436, 420 ]
297 silly gunzTarPerm extractEntry test/cases/auxiliary/inheritance.extend.mixin.block.jade
298 silly gunzTarPerm modified mode [ 'test/cases/auxiliary/inheritance.extend.mixin.block.jade',
298 silly gunzTarPerm   436,
298 silly gunzTarPerm   420 ]
299 silly gunzTarPerm extractEntry test/cases/auxiliary/inheritance.extend.recursive-grand-grandparent.jade
300 silly gunzTarPerm modified mode [ 'test/cases/auxiliary/inheritance.extend.recursive-grand-grandparent.jade',
300 silly gunzTarPerm   436,
300 silly gunzTarPerm   420 ]
301 silly gunzTarPerm extractEntry test/cases/auxiliary/inheritance.extend.recursive-grandparent.jade
302 silly gunzTarPerm modified mode [ 'test/cases/auxiliary/inheritance.extend.recursive-grandparent.jade',
302 silly gunzTarPerm   436,
302 silly gunzTarPerm   420 ]
303 silly gunzTarPerm extractEntry test/cases/auxiliary/inheritance.extend.recursive-parent.jade
304 silly gunzTarPerm modified mode [ 'test/cases/auxiliary/inheritance.extend.recursive-parent.jade',
304 silly gunzTarPerm   436,
304 silly gunzTarPerm   420 ]
305 silly gunzTarPerm extractEntry test/cases/auxiliary/layout.include.jade
306 silly gunzTarPerm modified mode [ 'test/cases/auxiliary/layout.include.jade', 436, 420 ]
307 silly gunzTarPerm extractEntry test/cases/auxiliary/layout.jade
308 silly gunzTarPerm modified mode [ 'test/cases/auxiliary/layout.jade', 436, 420 ]
309 silly gunzTarPerm extractEntry test/cases/auxiliary/mixins.jade
310 silly gunzTarPerm modified mode [ 'test/cases/auxiliary/mixins.jade', 436, 420 ]
311 silly gunzTarPerm extractEntry test/cases/auxiliary/pet.jade
312 silly gunzTarPerm modified mode [ 'test/cases/auxiliary/pet.jade', 436, 420 ]
313 silly gunzTarPerm extractEntry test/cases/auxiliary/smile.html
314 silly gunzTarPerm modified mode [ 'test/cases/auxiliary/smile.html', 436, 420 ]
315 silly gunzTarPerm extractEntry test/cases/auxiliary/window.jade
316 silly gunzTarPerm modified mode [ 'test/cases/auxiliary/window.jade', 436, 420 ]
317 silly gunzTarPerm extractEntry test/cases/auxiliary/yield-nested.jade
318 silly gunzTarPerm modified mode [ 'test/cases/auxiliary/yield-nested.jade', 436, 420 ]
319 silly gunzTarPerm extractEntry test/cases/basic.html
320 silly gunzTarPerm modified mode [ 'test/cases/basic.html', 436, 420 ]
321 silly gunzTarPerm extractEntry test/cases/basic.jade
322 silly gunzTarPerm modified mode [ 'test/cases/basic.jade', 436, 420 ]
323 silly gunzTarPerm extractEntry test/cases/blanks.html
324 silly gunzTarPerm modified mode [ 'test/cases/blanks.html', 436, 420 ]
325 silly gunzTarPerm extractEntry test/cases/blanks.jade
326 silly gunzTarPerm modified mode [ 'test/cases/blanks.jade', 436, 420 ]
327 silly gunzTarPerm extractEntry test/cases/block-expansion.html
328 silly gunzTarPerm modified mode [ 'test/cases/block-expansion.html', 436, 420 ]
329 silly gunzTarPerm extractEntry test/cases/block-expansion.jade
330 silly gunzTarPerm modified mode [ 'test/cases/block-expansion.jade', 436, 420 ]
331 silly gunzTarPerm extractEntry test/cases/block-expansion.shorthands.html
332 silly gunzTarPerm modified mode [ 'test/cases/block-expansion.shorthands.html', 436, 420 ]
333 silly gunzTarPerm extractEntry test/cases/block-expansion.shorthands.jade
334 silly gunzTarPerm modified mode [ 'test/cases/block-expansion.shorthands.jade', 436, 420 ]
335 silly gunzTarPerm extractEntry test/cases/blockquote.html
336 silly gunzTarPerm modified mode [ 'test/cases/blockquote.html', 436, 420 ]
337 silly gunzTarPerm extractEntry test/cases/blockquote.jade
338 silly gunzTarPerm modified mode [ 'test/cases/blockquote.jade', 436, 420 ]
339 silly gunzTarPerm extractEntry test/cases/case-blocks.html
340 silly gunzTarPerm modified mode [ 'test/cases/case-blocks.html', 436, 420 ]
341 silly gunzTarPerm extractEntry test/cases/case-blocks.jade
342 silly gunzTarPerm modified mode [ 'test/cases/case-blocks.jade', 436, 420 ]
343 silly gunzTarPerm extractEntry test/cases/case.html
344 silly gunzTarPerm modified mode [ 'test/cases/case.html', 436, 420 ]
345 silly gunzTarPerm extractEntry test/cases/case.jade
346 silly gunzTarPerm modified mode [ 'test/cases/case.jade', 436, 420 ]
347 silly gunzTarPerm extractEntry test/cases/classes-empty.html
348 silly gunzTarPerm modified mode [ 'test/cases/classes-empty.html', 436, 420 ]
349 silly gunzTarPerm extractEntry test/cases/classes-empty.jade
350 silly gunzTarPerm modified mode [ 'test/cases/classes-empty.jade', 436, 420 ]
351 silly gunzTarPerm extractEntry test/cases/classes.html
352 silly gunzTarPerm modified mode [ 'test/cases/classes.html', 436, 420 ]
353 silly gunzTarPerm extractEntry test/cases/classes.jade
354 silly gunzTarPerm modified mode [ 'test/cases/classes.jade', 436, 420 ]
355 silly gunzTarPerm extractEntry test/cases/code.conditionals.html
356 silly gunzTarPerm modified mode [ 'test/cases/code.conditionals.html', 436, 420 ]
357 silly gunzTarPerm extractEntry test/cases/code.conditionals.jade
358 silly gunzTarPerm modified mode [ 'test/cases/code.conditionals.jade', 436, 420 ]
359 silly gunzTarPerm extractEntry test/cases/code.escape.html
360 silly gunzTarPerm modified mode [ 'test/cases/code.escape.html', 436, 420 ]
361 silly gunzTarPerm extractEntry test/cases/code.escape.jade
362 silly gunzTarPerm modified mode [ 'test/cases/code.escape.jade', 436, 420 ]
363 silly gunzTarPerm extractEntry test/cases/code.html
364 silly gunzTarPerm modified mode [ 'test/cases/code.html', 436, 420 ]
365 silly gunzTarPerm extractEntry test/cases/code.iteration.html
366 silly gunzTarPerm modified mode [ 'test/cases/code.iteration.html', 436, 420 ]
367 silly gunzTarPerm extractEntry test/cases/code.iteration.jade
368 silly gunzTarPerm modified mode [ 'test/cases/code.iteration.jade', 436, 420 ]
369 silly gunzTarPerm extractEntry test/cases/code.jade
370 silly gunzTarPerm modified mode [ 'test/cases/code.jade', 436, 420 ]
371 silly gunzTarPerm extractEntry test/cases/comments.html
372 silly gunzTarPerm modified mode [ 'test/cases/comments.html', 436, 420 ]
373 silly gunzTarPerm extractEntry test/cases/comments.jade
374 silly gunzTarPerm modified mode [ 'test/cases/comments.jade', 436, 420 ]
375 silly gunzTarPerm extractEntry test/cases/comments.source.html
376 silly gunzTarPerm modified mode [ 'test/cases/comments.source.html', 436, 420 ]
377 silly gunzTarPerm extractEntry test/cases/comments.source.jade
378 silly gunzTarPerm modified mode [ 'test/cases/comments.source.jade', 436, 420 ]
379 silly gunzTarPerm extractEntry test/cases/custom-filter.html
380 silly gunzTarPerm modified mode [ 'test/cases/custom-filter.html', 436, 420 ]
381 warn excluding symbolic link lib/index.js -> jade.js
382 silly gunzTarPerm extractEntry test/cases/custom-filter.jade
383 silly gunzTarPerm modified mode [ 'test/cases/custom-filter.jade', 436, 420 ]
384 silly gunzTarPerm extractEntry test/cases/doctype.custom.html
385 silly gunzTarPerm modified mode [ 'test/cases/doctype.custom.html', 436, 420 ]
386 silly gunzTarPerm extractEntry test/cases/doctype.custom.jade
387 silly gunzTarPerm modified mode [ 'test/cases/doctype.custom.jade', 436, 420 ]
388 silly gunzTarPerm extractEntry test/cases/doctype.default.html
389 silly gunzTarPerm modified mode [ 'test/cases/doctype.default.html', 436, 420 ]
390 silly gunzTarPerm extractEntry test/cases/doctype.default.jade
391 silly gunzTarPerm modified mode [ 'test/cases/doctype.default.jade', 436, 420 ]
392 silly gunzTarPerm extractEntry test/cases/doctype.keyword.html
393 silly gunzTarPerm modified mode [ 'test/cases/doctype.keyword.html', 436, 420 ]
394 silly gunzTarPerm extractEntry test/cases/doctype.keyword.jade
395 silly gunzTarPerm modified mode [ 'test/cases/doctype.keyword.jade', 436, 420 ]
396 silly gunzTarPerm extractEntry test/cases/each.else.html
397 silly gunzTarPerm modified mode [ 'test/cases/each.else.html', 436, 420 ]
398 silly gunzTarPerm extractEntry test/cases/each.else.jade
399 silly gunzTarPerm modified mode [ 'test/cases/each.else.jade', 436, 420 ]
400 silly gunzTarPerm extractEntry test/cases/escape-chars.html
401 silly gunzTarPerm modified mode [ 'test/cases/escape-chars.html', 436, 420 ]
402 silly gunzTarPerm extractEntry test/cases/escape-chars.jade
403 silly gunzTarPerm modified mode [ 'test/cases/escape-chars.jade', 436, 420 ]
404 silly gunzTarPerm extractEntry test/cases/escape-test.html
405 silly gunzTarPerm modified mode [ 'test/cases/escape-test.html', 436, 420 ]
406 silly gunzTarPerm extractEntry test/cases/escape-test.jade
407 silly gunzTarPerm modified mode [ 'test/cases/escape-test.jade', 436, 420 ]
408 silly gunzTarPerm extractEntry test/cases/escaping-class-attribute.html
409 silly gunzTarPerm modified mode [ 'test/cases/escaping-class-attribute.html', 436, 420 ]
410 silly gunzTarPerm extractEntry test/cases/escaping-class-attribute.jade
411 silly gunzTarPerm modified mode [ 'test/cases/escaping-class-attribute.jade', 436, 420 ]
412 silly gunzTarPerm extractEntry test/cases/filters-empty.html
413 silly gunzTarPerm modified mode [ 'test/cases/filters-empty.html', 436, 420 ]
414 silly gunzTarPerm extractEntry test/cases/filters-empty.jade
415 silly gunzTarPerm modified mode [ 'test/cases/filters-empty.jade', 436, 420 ]
416 silly gunzTarPerm extractEntry test/cases/filters.cdata.html
417 silly gunzTarPerm modified mode [ 'test/cases/filters.cdata.html', 436, 420 ]
418 silly gunzTarPerm extractEntry test/cases/filters.cdata.jade
419 silly gunzTarPerm modified mode [ 'test/cases/filters.cdata.jade', 436, 420 ]
420 silly gunzTarPerm extractEntry test/cases/filters.coffeescript.html
421 silly gunzTarPerm modified mode [ 'test/cases/filters.coffeescript.html', 436, 420 ]
422 silly gunzTarPerm extractEntry test/cases/filters.coffeescript.jade
423 silly gunzTarPerm modified mode [ 'test/cases/filters.coffeescript.jade', 436, 420 ]
424 silly gunzTarPerm extractEntry test/cases/filters.less.html
425 silly gunzTarPerm modified mode [ 'test/cases/filters.less.html', 436, 420 ]
426 silly gunzTarPerm extractEntry test/cases/filters.less.jade
427 silly gunzTarPerm modified mode [ 'test/cases/filters.less.jade', 436, 420 ]
428 silly gunzTarPerm extractEntry test/cases/filters.markdown.html
429 silly gunzTarPerm modified mode [ 'test/cases/filters.markdown.html', 436, 420 ]
430 silly gunzTarPerm extractEntry test/cases/filters.markdown.jade
431 silly gunzTarPerm modified mode [ 'test/cases/filters.markdown.jade', 436, 420 ]
432 silly gunzTarPerm extractEntry test/cases/filters.stylus.html
433 silly gunzTarPerm modified mode [ 'test/cases/filters.stylus.html', 436, 420 ]
434 silly gunzTarPerm extractEntry test/cases/filters.stylus.jade
435 silly gunzTarPerm modified mode [ 'test/cases/filters.stylus.jade', 436, 420 ]
436 silly gunzTarPerm extractEntry test/cases/html.html
437 silly gunzTarPerm modified mode [ 'test/cases/html.html', 436, 420 ]
438 silly gunzTarPerm extractEntry test/cases/html.jade
439 silly gunzTarPerm modified mode [ 'test/cases/html.jade', 436, 420 ]
440 silly gunzTarPerm extractEntry test/cases/html5.html
441 silly gunzTarPerm modified mode [ 'test/cases/html5.html', 436, 420 ]
442 silly gunzTarPerm extractEntry test/cases/html5.jade
443 silly gunzTarPerm modified mode [ 'test/cases/html5.jade', 436, 420 ]
444 silly gunzTarPerm extractEntry test/cases/include-extends-from-root.html
445 silly gunzTarPerm modified mode [ 'test/cases/include-extends-from-root.html', 436, 420 ]
446 silly gunzTarPerm extractEntry test/cases/include-extends-from-root.jade
447 silly gunzTarPerm modified mode [ 'test/cases/include-extends-from-root.jade', 436, 420 ]
448 silly gunzTarPerm extractEntry test/cases/include-extends-of-common-template.html
449 silly gunzTarPerm modified mode [ 'test/cases/include-extends-of-common-template.html',
449 silly gunzTarPerm   436,
449 silly gunzTarPerm   420 ]
450 silly gunzTarPerm extractEntry test/cases/include-extends-of-common-template.jade
451 silly gunzTarPerm modified mode [ 'test/cases/include-extends-of-common-template.jade',
451 silly gunzTarPerm   436,
451 silly gunzTarPerm   420 ]
452 silly gunzTarPerm extractEntry test/cases/include-filter-stylus.html
453 silly gunzTarPerm modified mode [ 'test/cases/include-filter-stylus.html', 436, 420 ]
454 silly gunzTarPerm extractEntry test/cases/include-filter-stylus.jade
455 silly gunzTarPerm modified mode [ 'test/cases/include-filter-stylus.jade', 436, 420 ]
456 silly gunzTarPerm extractEntry test/cases/include-filter.html
457 silly gunzTarPerm modified mode [ 'test/cases/include-filter.html', 436, 420 ]
458 silly gunzTarPerm extractEntry test/cases/include-filter.jade
459 silly gunzTarPerm modified mode [ 'test/cases/include-filter.jade', 436, 420 ]
460 silly gunzTarPerm extractEntry test/cases/include-only-text-body.html
461 silly gunzTarPerm modified mode [ 'test/cases/include-only-text-body.html', 436, 420 ]
462 silly gunzTarPerm extractEntry test/cases/include-only-text-body.jade
463 silly gunzTarPerm modified mode [ 'test/cases/include-only-text-body.jade', 436, 420 ]
464 silly gunzTarPerm extractEntry test/cases/include-only-text.html
465 silly gunzTarPerm modified mode [ 'test/cases/include-only-text.html', 436, 420 ]
466 silly gunzTarPerm extractEntry test/cases/include-only-text.jade
467 silly gunzTarPerm modified mode [ 'test/cases/include-only-text.jade', 436, 420 ]
468 silly gunzTarPerm extractEntry test/cases/include-with-text-head.html
469 silly gunzTarPerm modified mode [ 'test/cases/include-with-text-head.html', 436, 420 ]
470 silly gunzTarPerm extractEntry test/cases/include-with-text-head.jade
471 silly gunzTarPerm modified mode [ 'test/cases/include-with-text-head.jade', 436, 420 ]
472 silly gunzTarPerm extractEntry test/cases/include-with-text.html
473 silly gunzTarPerm modified mode [ 'test/cases/include-with-text.html', 436, 420 ]
474 silly gunzTarPerm extractEntry test/cases/include-with-text.jade
475 silly gunzTarPerm modified mode [ 'test/cases/include-with-text.jade', 436, 420 ]
476 silly gunzTarPerm extractEntry test/cases/include.script.html
477 silly gunzTarPerm modified mode [ 'test/cases/include.script.html', 436, 420 ]
478 silly gunzTarPerm extractEntry test/cases/include.script.jade
479 silly gunzTarPerm modified mode [ 'test/cases/include.script.jade', 436, 420 ]
480 silly gunzTarPerm extractEntry test/cases/include.yield.nested.html
481 silly gunzTarPerm modified mode [ 'test/cases/include.yield.nested.html', 436, 420 ]
482 silly gunzTarPerm extractEntry test/cases/include.yield.nested.jade
483 silly gunzTarPerm modified mode [ 'test/cases/include.yield.nested.jade', 436, 420 ]
484 silly gunzTarPerm extractEntry test/cases/includes-with-ext-js.html
485 silly gunzTarPerm modified mode [ 'test/cases/includes-with-ext-js.html', 436, 420 ]
486 silly gunzTarPerm extractEntry test/cases/includes-with-ext-js.jade
487 silly gunzTarPerm modified mode [ 'test/cases/includes-with-ext-js.jade', 436, 420 ]
488 silly gunzTarPerm extractEntry test/cases/includes.html
489 silly gunzTarPerm modified mode [ 'test/cases/includes.html', 436, 420 ]
490 silly gunzTarPerm extractEntry test/cases/includes.jade
491 silly gunzTarPerm modified mode [ 'test/cases/includes.jade', 436, 420 ]
492 silly gunzTarPerm extractEntry test/cases/inheritance.alert-dialog.html
493 silly gunzTarPerm modified mode [ 'test/cases/inheritance.alert-dialog.html', 436, 420 ]
494 silly gunzTarPerm extractEntry test/cases/inheritance.alert-dialog.jade
495 silly gunzTarPerm modified mode [ 'test/cases/inheritance.alert-dialog.jade', 436, 420 ]
496 silly gunzTarPerm extractEntry test/cases/inheritance.defaults.html
497 silly gunzTarPerm modified mode [ 'test/cases/inheritance.defaults.html', 436, 420 ]
498 silly gunzTarPerm extractEntry test/cases/inheritance.defaults.jade
499 silly gunzTarPerm modified mode [ 'test/cases/inheritance.defaults.jade', 436, 420 ]
500 silly gunzTarPerm extractEntry test/cases/inheritance.extend.html
501 silly gunzTarPerm modified mode [ 'test/cases/inheritance.extend.html', 436, 420 ]
502 silly gunzTarPerm extractEntry test/cases/inheritance.extend.include.html
503 silly gunzTarPerm modified mode [ 'test/cases/inheritance.extend.include.html', 436, 420 ]
504 silly gunzTarPerm extractEntry test/cases/inheritance.extend.include.jade
505 silly gunzTarPerm modified mode [ 'test/cases/inheritance.extend.include.jade', 436, 420 ]
506 silly gunzTarPerm extractEntry test/cases/inheritance.extend.jade
507 silly gunzTarPerm modified mode [ 'test/cases/inheritance.extend.jade', 436, 420 ]
508 silly gunzTarPerm extractEntry test/cases/inheritance.extend.mixins.block.html
509 silly gunzTarPerm modified mode [ 'test/cases/inheritance.extend.mixins.block.html', 436, 420 ]
510 silly gunzTarPerm extractEntry test/cases/inheritance.extend.mixins.block.jade
511 silly gunzTarPerm modified mode [ 'test/cases/inheritance.extend.mixins.block.jade', 436, 420 ]
512 silly gunzTarPerm extractEntry test/cases/inheritance.extend.mixins.html
513 silly gunzTarPerm modified mode [ 'test/cases/inheritance.extend.mixins.html', 436, 420 ]
514 silly gunzTarPerm extractEntry test/cases/inheritance.extend.mixins.jade
515 silly gunzTarPerm modified mode [ 'test/cases/inheritance.extend.mixins.jade', 436, 420 ]
516 silly gunzTarPerm extractEntry test/cases/inheritance.extend.recursive.html
517 silly gunzTarPerm modified mode [ 'test/cases/inheritance.extend.recursive.html', 436, 420 ]
518 silly gunzTarPerm extractEntry test/cases/inheritance.extend.recursive.jade
519 silly gunzTarPerm modified mode [ 'test/cases/inheritance.extend.recursive.jade', 436, 420 ]
520 silly gunzTarPerm extractEntry test/cases/inheritance.extend.whitespace.html
521 silly gunzTarPerm modified mode [ 'test/cases/inheritance.extend.whitespace.html', 436, 420 ]
522 silly gunzTarPerm extractEntry test/cases/inheritance.extend.whitespace.jade
523 silly gunzTarPerm modified mode [ 'test/cases/inheritance.extend.whitespace.jade', 436, 420 ]
524 silly gunzTarPerm extractEntry test/cases/inheritance.html
525 silly gunzTarPerm modified mode [ 'test/cases/inheritance.html', 436, 420 ]
526 silly gunzTarPerm extractEntry test/cases/inheritance.jade
527 silly gunzTarPerm modified mode [ 'test/cases/inheritance.jade', 436, 420 ]
528 silly gunzTarPerm extractEntry test/cases/inline-tag.html
529 silly gunzTarPerm modified mode [ 'test/cases/inline-tag.html', 436, 420 ]
530 silly gunzTarPerm extractEntry test/cases/inline-tag.jade
531 silly gunzTarPerm modified mode [ 'test/cases/inline-tag.jade', 436, 420 ]
532 silly gunzTarPerm extractEntry test/cases/interpolation.escape.html
533 silly gunzTarPerm modified mode [ 'test/cases/interpolation.escape.html', 436, 420 ]
534 silly gunzTarPerm extractEntry test/cases/interpolation.escape.jade
535 silly gunzTarPerm modified mode [ 'test/cases/interpolation.escape.jade', 436, 420 ]
536 silly gunzTarPerm extractEntry test/cases/javascript-new-lines.js
537 silly gunzTarPerm modified mode [ 'test/cases/javascript-new-lines.js', 436, 420 ]
538 silly gunzTarPerm extractEntry test/cases/layout.append.html
539 silly gunzTarPerm modified mode [ 'test/cases/layout.append.html', 436, 420 ]
540 silly gunzTarPerm extractEntry test/cases/layout.append.jade
541 silly gunzTarPerm modified mode [ 'test/cases/layout.append.jade', 436, 420 ]
542 silly gunzTarPerm extractEntry test/cases/layout.append.without-block.html
543 silly gunzTarPerm modified mode [ 'test/cases/layout.append.without-block.html', 436, 420 ]
544 silly gunzTarPerm extractEntry test/cases/layout.append.without-block.jade
545 silly gunzTarPerm modified mode [ 'test/cases/layout.append.without-block.jade', 436, 420 ]
546 silly gunzTarPerm extractEntry test/cases/layout.multi.append.prepend.block.html
547 silly gunzTarPerm modified mode [ 'test/cases/layout.multi.append.prepend.block.html', 436, 420 ]
548 silly gunzTarPerm extractEntry test/cases/layout.multi.append.prepend.block.jade
549 silly gunzTarPerm modified mode [ 'test/cases/layout.multi.append.prepend.block.jade', 436, 420 ]
550 silly gunzTarPerm extractEntry test/cases/layout.prepend.html
551 silly gunzTarPerm modified mode [ 'test/cases/layout.prepend.html', 436, 420 ]
552 silly gunzTarPerm extractEntry test/cases/layout.prepend.jade
553 silly gunzTarPerm modified mode [ 'test/cases/layout.prepend.jade', 436, 420 ]
554 silly gunzTarPerm extractEntry test/cases/layout.prepend.without-block.html
555 silly gunzTarPerm modified mode [ 'test/cases/layout.prepend.without-block.html', 436, 420 ]
556 silly gunzTarPerm extractEntry test/cases/layout.prepend.without-block.jade
557 silly gunzTarPerm modified mode [ 'test/cases/layout.prepend.without-block.jade', 436, 420 ]
558 silly gunzTarPerm extractEntry test/cases/mixin-hoist.html
559 silly gunzTarPerm modified mode [ 'test/cases/mixin-hoist.html', 436, 420 ]
560 silly gunzTarPerm extractEntry test/cases/mixin-hoist.jade
561 silly gunzTarPerm modified mode [ 'test/cases/mixin-hoist.jade', 436, 420 ]
562 silly gunzTarPerm extractEntry test/cases/mixin-via-include.html
563 silly gunzTarPerm modified mode [ 'test/cases/mixin-via-include.html', 436, 420 ]
564 silly gunzTarPerm extractEntry test/cases/mixin-via-include.jade
565 silly gunzTarPerm modified mode [ 'test/cases/mixin-via-include.jade', 436, 420 ]
566 silly gunzTarPerm extractEntry test/cases/mixin.attrs.html
567 silly gunzTarPerm modified mode [ 'test/cases/mixin.attrs.html', 436, 420 ]
568 silly gunzTarPerm extractEntry test/cases/mixin.attrs.jade
569 silly gunzTarPerm modified mode [ 'test/cases/mixin.attrs.jade', 436, 420 ]
570 silly gunzTarPerm extractEntry test/cases/mixin.block-tag-behaviour.html
571 silly gunzTarPerm modified mode [ 'test/cases/mixin.block-tag-behaviour.html', 436, 420 ]
572 silly gunzTarPerm extractEntry test/cases/mixin.block-tag-behaviour.jade
573 silly gunzTarPerm modified mode [ 'test/cases/mixin.block-tag-behaviour.jade', 436, 420 ]
574 silly gunzTarPerm extractEntry test/cases/mixin.blocks.html
575 silly gunzTarPerm modified mode [ 'test/cases/mixin.blocks.html', 436, 420 ]
576 silly gunzTarPerm extractEntry test/cases/mixin.blocks.jade
577 silly gunzTarPerm modified mode [ 'test/cases/mixin.blocks.jade', 436, 420 ]
578 silly gunzTarPerm extractEntry test/cases/mixin.merge.html
579 silly gunzTarPerm modified mode [ 'test/cases/mixin.merge.html', 436, 420 ]
580 silly gunzTarPerm extractEntry test/cases/mixin.merge.jade
581 silly gunzTarPerm modified mode [ 'test/cases/mixin.merge.jade', 436, 420 ]
582 silly gunzTarPerm extractEntry test/cases/mixins-unused.html
583 silly gunzTarPerm modified mode [ 'test/cases/mixins-unused.html', 436, 420 ]
584 silly gunzTarPerm extractEntry test/cases/mixins-unused.jade
585 silly gunzTarPerm modified mode [ 'test/cases/mixins-unused.jade', 436, 420 ]
586 silly gunzTarPerm extractEntry test/cases/mixins.html
587 silly gunzTarPerm modified mode [ 'test/cases/mixins.html', 436, 420 ]
588 silly gunzTarPerm extractEntry test/cases/mixins.jade
589 silly gunzTarPerm modified mode [ 'test/cases/mixins.jade', 436, 420 ]
590 silly gunzTarPerm extractEntry test/cases/namespaces.html
591 silly gunzTarPerm modified mode [ 'test/cases/namespaces.html', 436, 420 ]
592 silly gunzTarPerm extractEntry test/cases/namespaces.jade
593 silly gunzTarPerm modified mode [ 'test/cases/namespaces.jade', 436, 420 ]
594 silly gunzTarPerm extractEntry test/cases/nesting.html
595 silly gunzTarPerm modified mode [ 'test/cases/nesting.html', 436, 420 ]
596 silly gunzTarPerm extractEntry test/cases/nesting.jade
597 silly gunzTarPerm modified mode [ 'test/cases/nesting.jade', 436, 420 ]
598 silly gunzTarPerm extractEntry test/cases/pre.html
599 silly gunzTarPerm modified mode [ 'test/cases/pre.html', 436, 420 ]
600 silly gunzTarPerm extractEntry test/cases/pre.jade
601 silly gunzTarPerm modified mode [ 'test/cases/pre.jade', 436, 420 ]
602 silly gunzTarPerm extractEntry test/cases/quotes.html
603 silly gunzTarPerm modified mode [ 'test/cases/quotes.html', 436, 420 ]
604 silly gunzTarPerm extractEntry test/cases/quotes.jade
605 silly gunzTarPerm modified mode [ 'test/cases/quotes.jade', 436, 420 ]
606 silly gunzTarPerm extractEntry test/cases/regression.784.html
607 silly gunzTarPerm modified mode [ 'test/cases/regression.784.html', 436, 420 ]
608 silly gunzTarPerm extractEntry test/cases/regression.784.jade
609 silly gunzTarPerm modified mode [ 'test/cases/regression.784.jade', 436, 420 ]
610 silly gunzTarPerm extractEntry test/cases/script.whitespace.html
611 silly gunzTarPerm modified mode [ 'test/cases/script.whitespace.html', 436, 420 ]
612 silly gunzTarPerm extractEntry test/cases/script.whitespace.jade
613 silly gunzTarPerm modified mode [ 'test/cases/script.whitespace.jade', 436, 420 ]
614 silly gunzTarPerm extractEntry test/cases/scripts.html
615 silly gunzTarPerm modified mode [ 'test/cases/scripts.html', 436, 420 ]
616 silly gunzTarPerm extractEntry test/cases/scripts.jade
617 silly gunzTarPerm modified mode [ 'test/cases/scripts.jade', 436, 420 ]
618 silly gunzTarPerm extractEntry test/cases/scripts.non-js.html
619 silly gunzTarPerm modified mode [ 'test/cases/scripts.non-js.html', 436, 420 ]
620 silly gunzTarPerm extractEntry test/cases/scripts.non-js.jade
621 silly gunzTarPerm modified mode [ 'test/cases/scripts.non-js.jade', 436, 420 ]
622 silly gunzTarPerm extractEntry test/cases/single-period.html
623 silly gunzTarPerm modified mode [ 'test/cases/single-period.html', 436, 420 ]
624 silly gunzTarPerm extractEntry test/cases/single-period.jade
625 silly gunzTarPerm modified mode [ 'test/cases/single-period.jade', 436, 420 ]
626 silly gunzTarPerm extractEntry test/cases/some-included.styl
627 silly gunzTarPerm modified mode [ 'test/cases/some-included.styl', 436, 420 ]
628 silly gunzTarPerm extractEntry test/cases/some.md
629 silly gunzTarPerm modified mode [ 'test/cases/some.md', 436, 420 ]
630 silly gunzTarPerm extractEntry test/cases/some.styl
631 silly gunzTarPerm modified mode [ 'test/cases/some.styl', 436, 420 ]
632 silly gunzTarPerm extractEntry test/cases/source.html
633 silly gunzTarPerm modified mode [ 'test/cases/source.html', 436, 420 ]
634 silly gunzTarPerm extractEntry test/cases/source.jade
635 silly gunzTarPerm modified mode [ 'test/cases/source.jade', 436, 420 ]
636 silly gunzTarPerm extractEntry test/cases/styles.html
637 silly gunzTarPerm modified mode [ 'test/cases/styles.html', 436, 420 ]
638 silly gunzTarPerm extractEntry test/cases/styles.jade
639 silly gunzTarPerm modified mode [ 'test/cases/styles.jade', 436, 420 ]
640 silly gunzTarPerm extractEntry test/cases/tag.interpolation.html
641 silly gunzTarPerm modified mode [ 'test/cases/tag.interpolation.html', 436, 420 ]
642 silly gunzTarPerm extractEntry test/cases/tag.interpolation.jade
643 silly gunzTarPerm modified mode [ 'test/cases/tag.interpolation.jade', 436, 420 ]
644 silly gunzTarPerm extractEntry test/cases/tags.self-closing.html
645 silly gunzTarPerm modified mode [ 'test/cases/tags.self-closing.html', 436, 420 ]
646 silly gunzTarPerm extractEntry test/cases/tags.self-closing.jade
647 silly gunzTarPerm modified mode [ 'test/cases/tags.self-closing.jade', 436, 420 ]
648 silly gunzTarPerm extractEntry test/cases/template.html
649 silly gunzTarPerm modified mode [ 'test/cases/template.html', 436, 420 ]
650 silly gunzTarPerm extractEntry test/cases/template.jade
651 silly gunzTarPerm modified mode [ 'test/cases/template.jade', 436, 420 ]
652 silly gunzTarPerm extractEntry test/cases/text-block.html
653 silly gunzTarPerm modified mode [ 'test/cases/text-block.html', 436, 420 ]
654 silly gunzTarPerm extractEntry test/cases/text-block.jade
655 silly gunzTarPerm modified mode [ 'test/cases/text-block.jade', 436, 420 ]
656 silly gunzTarPerm extractEntry test/cases/text.html
657 silly gunzTarPerm modified mode [ 'test/cases/text.html', 436, 420 ]
658 silly gunzTarPerm extractEntry test/cases/text.jade
659 silly gunzTarPerm modified mode [ 'test/cases/text.jade', 436, 420 ]
660 silly gunzTarPerm extractEntry test/cases/utf8bom.html
661 silly gunzTarPerm modified mode [ 'test/cases/utf8bom.html', 436, 420 ]
662 silly gunzTarPerm extractEntry test/cases/utf8bom.jade
663 silly gunzTarPerm modified mode [ 'test/cases/utf8bom.jade', 436, 420 ]
664 silly gunzTarPerm extractEntry test/cases/vars.html
665 silly gunzTarPerm modified mode [ 'test/cases/vars.html', 436, 420 ]
666 silly gunzTarPerm extractEntry test/cases/vars.jade
667 silly gunzTarPerm modified mode [ 'test/cases/vars.jade', 436, 420 ]
668 silly gunzTarPerm extractEntry test/cases/while.html
669 silly gunzTarPerm modified mode [ 'test/cases/while.html', 436, 420 ]
670 silly gunzTarPerm extractEntry test/cases/while.jade
671 silly gunzTarPerm modified mode [ 'test/cases/while.jade', 436, 420 ]
672 silly gunzTarPerm extractEntry test/cases/yield-before-conditional-head.html
673 silly gunzTarPerm modified mode [ 'test/cases/yield-before-conditional-head.html', 436, 420 ]
674 silly gunzTarPerm extractEntry test/cases/yield-before-conditional-head.jade
675 silly gunzTarPerm modified mode [ 'test/cases/yield-before-conditional-head.jade', 436, 420 ]
676 silly gunzTarPerm extractEntry test/cases/yield-before-conditional.html
677 silly gunzTarPerm modified mode [ 'test/cases/yield-before-conditional.html', 436, 420 ]
678 silly gunzTarPerm extractEntry test/cases/yield-before-conditional.jade
679 silly gunzTarPerm modified mode [ 'test/cases/yield-before-conditional.jade', 436, 420 ]
680 silly gunzTarPerm extractEntry test/cases/yield-head.html
681 silly gunzTarPerm modified mode [ 'test/cases/yield-head.html', 436, 420 ]
682 silly gunzTarPerm extractEntry test/cases/yield-head.jade
683 silly gunzTarPerm modified mode [ 'test/cases/yield-head.jade', 436, 420 ]
684 silly gunzTarPerm extractEntry test/cases/yield-title-head.html
685 silly gunzTarPerm modified mode [ 'test/cases/yield-title-head.html', 436, 420 ]
686 silly gunzTarPerm extractEntry test/cases/yield-title-head.jade
687 silly gunzTarPerm modified mode [ 'test/cases/yield-title-head.jade', 436, 420 ]
688 silly gunzTarPerm extractEntry test/cases/yield-title.html
689 silly gunzTarPerm modified mode [ 'test/cases/yield-title.html', 436, 420 ]
690 silly gunzTarPerm extractEntry test/cases/yield-title.jade
691 silly gunzTarPerm modified mode [ 'test/cases/yield-title.jade', 436, 420 ]
692 silly gunzTarPerm extractEntry test/cases/yield.html
693 silly gunzTarPerm modified mode [ 'test/cases/yield.html', 436, 420 ]
694 silly gunzTarPerm extractEntry test/cases/yield.jade
695 silly gunzTarPerm modified mode [ 'test/cases/yield.jade', 436, 420 ]
696 silly gunzTarPerm extractEntry test/deprecated.js
697 silly gunzTarPerm modified mode [ 'test/deprecated.js', 436, 420 ]
698 silly gunzTarPerm extractEntry test/error.reporting.js
699 silly gunzTarPerm modified mode [ 'test/error.reporting.js', 436, 420 ]
700 silly gunzTarPerm extractEntry test/fixtures/
701 silly gunzTarPerm modified mode [ 'test/fixtures/', 509, 493 ]
702 silly gunzTarPerm extractEntry test/fixtures/append-without-block/
703 silly gunzTarPerm modified mode [ 'test/fixtures/append-without-block/', 509, 493 ]
704 silly gunzTarPerm extractEntry test/fixtures/append-without-block/app-layout.jade
705 silly gunzTarPerm modified mode [ 'test/fixtures/append-without-block/app-layout.jade',
705 silly gunzTarPerm   436,
705 silly gunzTarPerm   420 ]
706 silly gunzTarPerm extractEntry test/fixtures/append-without-block/layout.jade
707 silly gunzTarPerm modified mode [ 'test/fixtures/append-without-block/layout.jade', 436, 420 ]
708 silly gunzTarPerm extractEntry test/fixtures/append-without-block/page.jade
709 silly gunzTarPerm modified mode [ 'test/fixtures/append-without-block/page.jade', 436, 420 ]
710 silly gunzTarPerm extractEntry test/fixtures/append/
711 silly gunzTarPerm modified mode [ 'test/fixtures/append/', 509, 493 ]
712 silly gunzTarPerm extractEntry test/fixtures/append/app-layout.jade
713 silly gunzTarPerm modified mode [ 'test/fixtures/append/app-layout.jade', 436, 420 ]
714 silly gunzTarPerm extractEntry test/fixtures/append/layout.jade
715 silly gunzTarPerm modified mode [ 'test/fixtures/append/layout.jade', 436, 420 ]
716 silly gunzTarPerm extractEntry test/fixtures/append/page.html
717 silly gunzTarPerm modified mode [ 'test/fixtures/append/page.html', 436, 420 ]
718 silly gunzTarPerm extractEntry test/fixtures/append/page.jade
719 silly gunzTarPerm modified mode [ 'test/fixtures/append/page.jade', 436, 420 ]
720 silly gunzTarPerm extractEntry test/fixtures/compile.with.include.locals.error.jade
721 silly gunzTarPerm modified mode [ 'test/fixtures/compile.with.include.locals.error.jade',
721 silly gunzTarPerm   436,
721 silly gunzTarPerm   420 ]
722 silly gunzTarPerm extractEntry test/fixtures/compile.with.include.syntax.error.jade
723 silly gunzTarPerm modified mode [ 'test/fixtures/compile.with.include.syntax.error.jade',
723 silly gunzTarPerm   436,
723 silly gunzTarPerm   420 ]
724 silly gunzTarPerm extractEntry test/fixtures/compile.with.layout.locals.error.jade
725 silly gunzTarPerm modified mode [ 'test/fixtures/compile.with.layout.locals.error.jade',
725 silly gunzTarPerm   436,
725 silly gunzTarPerm   420 ]
726 silly gunzTarPerm extractEntry test/fixtures/compile.with.layout.syntax.error.jade
727 silly gunzTarPerm modified mode [ 'test/fixtures/compile.with.layout.syntax.error.jade',
727 silly gunzTarPerm   436,
727 silly gunzTarPerm   420 ]
728 silly gunzTarPerm extractEntry test/fixtures/compile.with.layout.with.include.locals.error.jade
729 silly gunzTarPerm modified mode [ 'test/fixtures/compile.with.layout.with.include.locals.error.jade',
729 silly gunzTarPerm   436,
729 silly gunzTarPerm   420 ]
730 silly gunzTarPerm extractEntry test/fixtures/compile.with.layout.with.include.syntax.error.jade
731 silly gunzTarPerm modified mode [ 'test/fixtures/compile.with.layout.with.include.syntax.error.jade',
731 silly gunzTarPerm   436,
731 silly gunzTarPerm   420 ]
732 silly gunzTarPerm extractEntry test/fixtures/element-with-multiple-attributes.jade
733 silly gunzTarPerm modified mode [ 'test/fixtures/element-with-multiple-attributes.jade',
733 silly gunzTarPerm   436,
733 silly gunzTarPerm   420 ]
734 silly gunzTarPerm extractEntry test/fixtures/include.locals.error.jade
735 silly gunzTarPerm modified mode [ 'test/fixtures/include.locals.error.jade', 436, 420 ]
736 silly gunzTarPerm extractEntry test/fixtures/include.syntax.error.jade
737 silly gunzTarPerm modified mode [ 'test/fixtures/include.syntax.error.jade', 436, 420 ]
738 silly gunzTarPerm extractEntry test/fixtures/layout.locals.error.jade
739 silly gunzTarPerm modified mode [ 'test/fixtures/layout.locals.error.jade', 436, 420 ]
740 silly gunzTarPerm extractEntry test/fixtures/layout.syntax.error.jade
741 silly gunzTarPerm modified mode [ 'test/fixtures/layout.syntax.error.jade', 436, 420 ]
742 silly gunzTarPerm extractEntry test/fixtures/layout.with.runtime.error.jade
743 silly gunzTarPerm modified mode [ 'test/fixtures/layout.with.runtime.error.jade', 436, 420 ]
744 silly gunzTarPerm extractEntry test/fixtures/mixin-include.jade
745 silly gunzTarPerm modified mode [ 'test/fixtures/mixin-include.jade', 436, 420 ]
746 silly gunzTarPerm extractEntry test/fixtures/mixin.error.jade
747 silly gunzTarPerm modified mode [ 'test/fixtures/mixin.error.jade', 436, 420 ]
748 silly gunzTarPerm extractEntry test/fixtures/multi-append-prepend-block/
749 silly gunzTarPerm modified mode [ 'test/fixtures/multi-append-prepend-block/', 509, 493 ]
750 silly gunzTarPerm extractEntry test/fixtures/multi-append-prepend-block/redefine.jade
751 silly gunzTarPerm modified mode [ 'test/fixtures/multi-append-prepend-block/redefine.jade',
751 silly gunzTarPerm   436,
751 silly gunzTarPerm   420 ]
752 silly gunzTarPerm extractEntry test/fixtures/multi-append-prepend-block/root.jade
753 silly gunzTarPerm modified mode [ 'test/fixtures/multi-append-prepend-block/root.jade',
753 silly gunzTarPerm   436,
753 silly gunzTarPerm   420 ]
754 silly gunzTarPerm extractEntry test/fixtures/perf.jade
755 silly gunzTarPerm modified mode [ 'test/fixtures/perf.jade', 436, 420 ]
756 silly gunzTarPerm extractEntry test/fixtures/prepend-without-block/
757 silly gunzTarPerm modified mode [ 'test/fixtures/prepend-without-block/', 509, 493 ]
758 silly gunzTarPerm extractEntry test/fixtures/prepend-without-block/app-layout.jade
759 silly gunzTarPerm modified mode [ 'test/fixtures/prepend-without-block/app-layout.jade',
759 silly gunzTarPerm   436,
759 silly gunzTarPerm   420 ]
760 silly gunzTarPerm extractEntry test/fixtures/prepend-without-block/layout.jade
761 silly gunzTarPerm modified mode [ 'test/fixtures/prepend-without-block/layout.jade', 436, 420 ]
762 silly gunzTarPerm extractEntry test/fixtures/prepend-without-block/page.html
763 silly gunzTarPerm modified mode [ 'test/fixtures/prepend-without-block/page.html', 436, 420 ]
764 silly gunzTarPerm extractEntry test/fixtures/prepend-without-block/page.jade
765 silly gunzTarPerm modified mode [ 'test/fixtures/prepend-without-block/page.jade', 436, 420 ]
766 silly gunzTarPerm extractEntry test/fixtures/prepend/
767 silly gunzTarPerm modified mode [ 'test/fixtures/prepend/', 509, 493 ]
768 silly gunzTarPerm extractEntry test/fixtures/prepend/app-layout.jade
769 silly gunzTarPerm modified mode [ 'test/fixtures/prepend/app-layout.jade', 436, 420 ]
770 silly gunzTarPerm extractEntry test/fixtures/prepend/layout.jade
771 silly gunzTarPerm modified mode [ 'test/fixtures/prepend/layout.jade', 436, 420 ]
772 silly gunzTarPerm extractEntry test/fixtures/prepend/page.html
773 silly gunzTarPerm modified mode [ 'test/fixtures/prepend/page.html', 436, 420 ]
774 silly gunzTarPerm extractEntry test/fixtures/prepend/page.jade
775 silly gunzTarPerm modified mode [ 'test/fixtures/prepend/page.jade', 436, 420 ]
776 silly gunzTarPerm extractEntry test/fixtures/runtime.error.jade
777 silly gunzTarPerm modified mode [ 'test/fixtures/runtime.error.jade', 436, 420 ]
778 silly gunzTarPerm extractEntry test/fixtures/runtime.layout.error.jade
779 silly gunzTarPerm modified mode [ 'test/fixtures/runtime.layout.error.jade', 436, 420 ]
780 silly gunzTarPerm extractEntry test/fixtures/runtime.with.mixin.error.jade
781 silly gunzTarPerm modified mode [ 'test/fixtures/runtime.with.mixin.error.jade', 436, 420 ]
782 silly gunzTarPerm extractEntry test/fixtures/scripts.jade
783 silly gunzTarPerm modified mode [ 'test/fixtures/scripts.jade', 436, 420 ]
784 silly gunzTarPerm extractEntry test/jade.test.js
785 silly gunzTarPerm modified mode [ 'test/jade.test.js', 436, 420 ]
786 silly gunzTarPerm extractEntry test/mocha.opts
787 silly gunzTarPerm modified mode [ 'test/mocha.opts', 436, 420 ]
788 silly gunzTarPerm extractEntry test/run.js
789 silly gunzTarPerm modified mode [ 'test/run.js', 436, 420 ]
790 silly gunzTarPerm extractEntry test/unit.js
791 silly gunzTarPerm modified mode [ 'test/unit.js', 436, 420 ]
792 silly lockFile 5fd65b68-f85be7bc7b67f12e9ec80ba37-unpack tar:///var/folders/vn/vssh7lg11yx03wc7r41v57vm0000gn/T/npm-27225-cp9loRM6/github.com/mquandalle/jade/tarball/f3f956fa1031e05f85be7bc7b67f12e9ec80ba37-unpack
793 silly lockFile 5fd65b68-f85be7bc7b67f12e9ec80ba37-unpack tar:///var/folders/vn/vssh7lg11yx03wc7r41v57vm0000gn/T/npm-27225-cp9loRM6/github.com/mquandalle/jade/tarball/f3f956fa1031e05f85be7bc7b67f12e9ec80ba37-unpack
794 silly lockFile 2e65168b-1031e05f85be7bc7b67f12e9ec80ba37 tar:///var/folders/vn/vssh7lg11yx03wc7r41v57vm0000gn/T/npm-27225-cp9loRM6/github.com/mquandalle/jade/tarball/f3f956fa1031e05f85be7bc7b67f12e9ec80ba37
795 silly lockFile 2e65168b-1031e05f85be7bc7b67f12e9ec80ba37 tar:///var/folders/vn/vssh7lg11yx03wc7r41v57vm0000gn/T/npm-27225-cp9loRM6/github.com/mquandalle/jade/tarball/f3f956fa1031e05f85be7bc7b67f12e9ec80ba37
796 silly lockFile f5ff93c0-1031e05f85be7bc7b67f12e9ec80ba37 https://github.com/mquandalle/jade/tarball/f3f956fa1031e05f85be7bc7b67f12e9ec80ba37
797 silly lockFile f5ff93c0-1031e05f85be7bc7b67f12e9ec80ba37 https://github.com/mquandalle/jade/tarball/f3f956fa1031e05f85be7bc7b67f12e9ec80ba37
798 silly resolved [ { name: 'jade',
798 silly resolved     description: 'Jade template engine',
798 silly resolved     version: '1.3.0',
798 silly resolved     author: { name: 'TJ Holowaychuk', email: 'tj@vision-media.ca' },
798 silly resolved     license: 'MIT',
798 silly resolved     repository: { type: 'git', url: 'git://github.com/visionmedia/jade' },
798 silly resolved     main: './index.js',
798 silly resolved     bin: { jade: './bin/jade.js' },
798 silly resolved     man: [ './jade.1' ],
798 silly resolved     dependencies:
798 silly resolved      { commander: '2.1.0',
798 silly resolved        mkdirp: '~0.3.5',
798 silly resolved        transformers: '2.1.0',
798 silly resolved        'character-parser': '1.2.0',
798 silly resolved        monocle: '1.1.51',
798 silly resolved        with: '~3.0.0',
798 silly resolved        constantinople: '~2.0.0' },
798 silly resolved     devDependencies:
798 silly resolved      { 'coffee-script': '*',
798 silly resolved        mocha: '*',
798 silly resolved        istanbul: '*',
798 silly resolved        markdown: '*',
798 silly resolved        stylus: '*',
798 silly resolved        should: '*',
798 silly resolved        less: '*',
798 silly resolved        'uglify-js': '*',
798 silly resolved        browserify: '*',
798 silly resolved        linify: '*' },
798 silly resolved     component: { scripts: [Object] },
798 silly resolved     scripts:
798 silly resolved      { test: 'mocha -R spec && npm run coverage',
798 silly resolved        coverage: 'istanbul cover node_modules/mocha/bin/_mocha',
798 silly resolved        prepublish: 'npm prune && linify transform bin && npm run build',
798 silly resolved        build: 'npm run compile',
798 silly resolved        compile: 'npm run compile-full && npm run compile-runtime',
798 silly resolved        'compile-full': 'browserify ./lib/jade.js --standalone jade -x ./node_modules/transformers > jade.js',
798 silly resolved        'compile-runtime': 'browserify ./lib/runtime.js --standalone jade > runtime.js' },
798 silly resolved     browser: { './lib/filters.js': './lib/filters-client.js' },
798 silly resolved     readme: '# [![Jade - template engine ](http://i.imgur.com/5zf2aVt.png)](http://jade-lang.com/)\n\nFull documentation is at [jade-lang.com](http://jade-lang.com/)\n\n Jade is a high performance template engine heavily influenced by [Haml](http://haml-lang.com)\n and implemented with JavaScript for [node](http://nodejs.org). For discussion join the [Google Group](http://groups.google.com/group/jadejs).\n\n You can test drive Jade online [here](http://naltatis.github.com/jade-syntax-docs).\n\n [![Build Status](https://travis-ci.org/visionmedia/jade.png?branch=master)](https://travis-ci.org/visionmedia/jade)\n [![Dependency Status](https://gemnasium.com/visionmedia/jade.png)](https://gemnasium.com/visionmedia/jade)\n [![NPM version](https://badge.fury.io/js/jade.png)](http://badge.fury.io/js/jade)\n\n## Announcements\n\n**Deprecation of implicit script/style text-only:**\n\n Jade version 0.31.0 deprecated implicit text only support for scripts and styles.  To fix this all you need to do is add a `.` character after the script or style tag.\n\n It is hoped that this change will make Jade easier for newcomers to learn without affecting the power of the language or leading to excessive verboseness.\n\n If you have a lot of Jade files that need fixing you can use [fix-jade](https://github.com/ForbesLindesay/fix-jade) to attempt to automate the process.\n\n**Command line option change:**\n\nsince `v0.31.0`, `-o` is preferred for `--out` where we used `-O` before.\n\n## Installation\n\nvia npm:\n\n```bash\n$ npm install jade\n```\n\n## Syntax\n\nJade is a clean, whitespace sensitive syntax for writing html.  Here is a simple example:\n\n```jade\ndoctype html\nhtml(lang="en")\n  head\n    title= pageTitle\n    script(type=\'text/javascript\').\n      if (foo) bar(1 + 5)\n  body\n    h1 Jade - node template engine\n    #container.col\n      if youAreUsingJade\n        p You are amazing\n      else\n        p Get on it!\n      p.\n        Jade is a terse and simple templating language with a\n        strong focus on performance and powerful features.\n```\n\nbecomes\n\n\n```html\n<!DOCTYPE html>\n<html lang="en">\n  <head>\n    <title>Jade</title>\n    <script type="text/javascript">\n      if (foo) bar(1 + 5)\n    </script>\n  </head>\n  <body>\n    <h1>Jade - node template engine</h1>\n    <div id="container" class="col">\n      <p>You are amazing</p>\n      <p>Jade is a terse and simple templating language with a strong focus on performance and powerful features.</p>\n    </div>\n  </body>\n</html>\n```\n\nThe official [jade tutorial](http://jade-lang.com/tutorial/) is a great place to start.  While that (and the syntax documentation) is being finished, you can view some of the old documentation [here](https://github.com/visionmedia/jade/blob/master/jade.md) and [here](https://github.com/visionmedia/jade/blob/master/jade-language.md)\n\n## API\n\nFor full API, see [jade-lang.com/api](http://jade-lang.com/api/)\n\n```js\nvar jade = require(\'jade\');\n\n// compile\nvar fn = jade.compile(\'string of jade\', options);\nvar html = fn(locals);\n\n// render\nvar html = jade.render(\'string of jade\', merge(options, locals));\n\n// renderFile\nvar html = jade.renderFile(\'filename.jade\', merge(options, locals));\n```\n\n### Options\n\n - `filename`  Used in exceptions, and required when using includes\n - `compileDebug`  When `false` no debug instrumentation is compiled\n - `pretty`    Add pretty-indentation whitespace to output _(false by default)_\n\n## Browser Support\n\n The latest version of jade can be download for the browser in standalone form from [here](https://github.com/visionmedia/jade/raw/master/jade.js).  It only supports the very latest browsers though, and is a large file.  It is recommended that you pre-compile your jade templates to JavaScript and then just use the [runtime.js](https://github.com/visionmedia/jade/raw/master/runtime.js) library on the client.\n\n To compile a template for use on the client using the command line, do:\n\n```console\n$ jade --client --no-debug filename.jade\n```\n\nwhich will produce `filename.js` containing the compiled template.\n\n## Command Line\n\nAfter installing the latest version of [node](http://nodejs.org/), install with:\n\n```console\n$ npm install jade -g\n```\n\nand run with\n\n```console\n$ jade --help\n```\n\n## Additional Resources\n\nTutorials:\n\n  - cssdeck interactive [Jade syntax tutorial](http://cssdeck.com/labs/learning-the-jade-templating-engine-syntax)\n  - cssdeck interactive [Jade logic tutorial](http://cssdeck.com/labs/jade-templating-tutorial-codecast-part-2)\n  - in [Japanese](http://blog.craftgear.net/4f501e97c1347ec934000001/title/10%E5%88%86%E3%81%A7%E3%82%8F%E3%81%8B%E3%82%8Bjade%E3%83%86%E3%83%B3%E3%83%97%E3%83%AC%E3%83%BC%E3%83%88%E3%82%A8%E3%83%B3%E3%82%B8%E3%83%B3)\n\n\nImplementations in other languages:\n\n  - [php](http://github.com/everzet/jade.php)\n  - [scala](http://scalate.fusesource.org/versions/snapshot/documentation/scaml-reference.html)\n  - [ruby](https://github.com/slim-template/slim)\n  - [python](https://github.com/SyrusAkbary/pyjade)\n  - [java](https://github.com/neuland/jade4j)\n\nOther:\n\n  - [Emacs Mode](https://github.com/brianc/jade-mode)\n  - [Vim Syntax](https://github.com/digitaltoad/vim-jade)\n  - [TextMate Bundle](http://github.com/miksago/jade-tmbundle)\n  - [Coda/SubEtha syntax Mode](https://github.com/aaronmccall/jade.mode)\n  - [Screencasts](http://tjholowaychuk.com/post/1004255394/jade-screencast-template-engine-for-nodejs)\n  - [html2jade](https://github.com/donpark/html2jade) converter\n\n## License\n\nMIT\n',
798 silly resolved     readmeFilename: 'README.md',
798 silly resolved     bugs: { url: 'https://github.com/visionmedia/jade/issues' },
798 silly resolved     homepage: 'https://github.com/visionmedia/jade',
798 silly resolved     _id: 'jade@1.3.0',
798 silly resolved     _shasum: '1d2afc59de1a0ee9c06d3b364833ac0d009886ac',
798 silly resolved     _from: 'https://github.com/mquandalle/jade/tarball/f3f956fa1031e05f85be7bc7b67f12e9ec80ba37',
798 silly resolved     _resolved: 'https://github.com/mquandalle/jade/tarball/f3f956fa1031e05f85be7bc7b67f12e9ec80ba37' } ]
799 info install jade@1.3.0 into /Users/dalgard/Documents/Repositories/Meteor/packages/dalgard_viewmodel/packages/jade-compiler/.npm/package-new-xtluvy
800 info installOne jade@1.3.0
801 verbose node_modules/jade unbuild
802 verbose tar unpack /Users/dalgard/.npm/jade/1.3.0/package.tgz
803 silly lockFile 18874043-age-new-xtluvy-node-modules-jade tar:///Users/dalgard/Documents/Repositories/Meteor/packages/dalgard_viewmodel/packages/jade-compiler/.npm/package-new-xtluvy/node_modules/jade
804 verbose lock tar:///Users/dalgard/Documents/Repositories/Meteor/packages/dalgard_viewmodel/packages/jade-compiler/.npm/package-new-xtluvy/node_modules/jade /Users/dalgard/.npm/18874043-age-new-xtluvy-node-modules-jade.lock
805 silly lockFile cdf3a87d-lgard-npm-jade-1-3-0-package-tgz tar:///Users/dalgard/.npm/jade/1.3.0/package.tgz
806 verbose lock tar:///Users/dalgard/.npm/jade/1.3.0/package.tgz /Users/dalgard/.npm/cdf3a87d-lgard-npm-jade-1-3-0-package-tgz.lock
807 silly gunzTarPerm modes [ '755', '644' ]
808 silly gunzTarPerm extractEntry
809 silly gunzTarPerm modified mode [ '', 509, 493 ]
810 silly gunzTarPerm extractEntry .gitignore
811 silly gunzTarPerm modified mode [ '.gitignore', 436, 420 ]
812 silly gunzTarPerm extractEntry .gitmodules
813 silly gunzTarPerm modified mode [ '.gitmodules', 436, 420 ]
814 silly gunzTarPerm extractEntry .npmignore
815 silly gunzTarPerm modified mode [ '.npmignore', 436, 420 ]
816 silly gunzTarPerm extractEntry .travis.yml
817 silly gunzTarPerm modified mode [ '.travis.yml', 436, 420 ]
818 silly gunzTarPerm extractEntry History.md
819 silly gunzTarPerm modified mode [ 'History.md', 436, 420 ]
820 silly gunzTarPerm extractEntry LICENSE
821 silly gunzTarPerm modified mode [ 'LICENSE', 436, 420 ]
822 silly gunzTarPerm extractEntry README.md
823 silly gunzTarPerm modified mode [ 'README.md', 436, 420 ]
824 silly gunzTarPerm extractEntry Readme_zh-cn.md
825 silly gunzTarPerm modified mode [ 'Readme_zh-cn.md', 436, 420 ]
826 silly gunzTarPerm extractEntry bin/
827 silly gunzTarPerm modified mode [ 'bin/', 509, 493 ]
828 silly gunzTarPerm extractEntry bin/jade.js
829 silly gunzTarPerm modified mode [ 'bin/jade.js', 509, 493 ]
830 silly gunzTarPerm extractEntry component.json
831 silly gunzTarPerm modified mode [ 'component.json', 436, 420 ]
832 silly gunzTarPerm extractEntry examples/
833 silly gunzTarPerm modified mode [ 'examples/', 509, 493 ]
834 silly gunzTarPerm extractEntry examples/README.md
835 silly gunzTarPerm modified mode [ 'examples/README.md', 436, 420 ]
836 silly gunzTarPerm extractEntry examples/attributes.jade
837 silly gunzTarPerm modified mode [ 'examples/attributes.jade', 436, 420 ]
838 silly gunzTarPerm extractEntry examples/attributes.js
839 silly gunzTarPerm modified mode [ 'examples/attributes.js', 436, 420 ]
840 silly gunzTarPerm extractEntry examples/code.jade
841 silly gunzTarPerm modified mode [ 'examples/code.jade', 436, 420 ]
842 silly gunzTarPerm extractEntry examples/code.js
843 silly gunzTarPerm modified mode [ 'examples/code.js', 436, 420 ]
844 silly gunzTarPerm extractEntry examples/csrf.jade
845 silly gunzTarPerm modified mode [ 'examples/csrf.jade', 436, 420 ]
846 silly gunzTarPerm extractEntry examples/csrf.js
847 silly gunzTarPerm modified mode [ 'examples/csrf.js', 436, 420 ]
848 silly gunzTarPerm extractEntry examples/dynamicscript.jade
849 silly gunzTarPerm modified mode [ 'examples/dynamicscript.jade', 436, 420 ]
850 silly gunzTarPerm extractEntry examples/dynamicscript.js
851 silly gunzTarPerm modified mode [ 'examples/dynamicscript.js', 436, 420 ]
852 silly gunzTarPerm extractEntry examples/each.jade
853 silly gunzTarPerm modified mode [ 'examples/each.jade', 436, 420 ]
854 silly gunzTarPerm extractEntry examples/each.js
855 silly gunzTarPerm modified mode [ 'examples/each.js', 436, 420 ]
856 silly gunzTarPerm extractEntry examples/extend-layout.jade
857 silly gunzTarPerm modified mode [ 'examples/extend-layout.jade', 436, 420 ]
858 silly gunzTarPerm extractEntry examples/extend.jade
859 silly gunzTarPerm modified mode [ 'examples/extend.jade', 436, 420 ]
860 silly gunzTarPerm extractEntry examples/extend.js
861 silly gunzTarPerm modified mode [ 'examples/extend.js', 436, 420 ]
862 silly gunzTarPerm extractEntry examples/form.jade
863 silly gunzTarPerm modified mode [ 'examples/form.jade', 436, 420 ]
864 silly gunzTarPerm extractEntry examples/form.js
865 silly gunzTarPerm modified mode [ 'examples/form.js', 436, 420 ]
866 silly gunzTarPerm extractEntry examples/includes.jade
867 silly gunzTarPerm modified mode [ 'examples/includes.jade', 436, 420 ]
868 silly gunzTarPerm extractEntry examples/includes.js
869 silly gunzTarPerm modified mode [ 'examples/includes.js', 436, 420 ]
870 silly gunzTarPerm extractEntry examples/includes/
871 silly gunzTarPerm modified mode [ 'examples/includes/', 509, 493 ]
872 silly gunzTarPerm extractEntry examples/includes/foot.jade
873 silly gunzTarPerm modified mode [ 'examples/includes/foot.jade', 436, 420 ]
874 silly gunzTarPerm extractEntry examples/includes/head.jade
875 silly gunzTarPerm modified mode [ 'examples/includes/head.jade', 436, 420 ]
876 silly gunzTarPerm extractEntry examples/includes/scripts.jade
877 silly gunzTarPerm modified mode [ 'examples/includes/scripts.jade', 436, 420 ]
878 silly gunzTarPerm extractEntry examples/includes/style.css
879 silly gunzTarPerm modified mode [ 'examples/includes/style.css', 436, 420 ]
880 silly gunzTarPerm extractEntry examples/layout-debug.js
881 silly gunzTarPerm modified mode [ 'examples/layout-debug.js', 436, 420 ]
882 silly gunzTarPerm extractEntry examples/layout.jade
883 silly gunzTarPerm modified mode [ 'examples/layout.jade', 436, 420 ]
884 silly gunzTarPerm extractEntry examples/layout.js
885 silly gunzTarPerm modified mode [ 'examples/layout.js', 436, 420 ]
886 silly gunzTarPerm extractEntry examples/mixins.jade
887 silly gunzTarPerm modified mode [ 'examples/mixins.jade', 436, 420 ]
888 silly gunzTarPerm extractEntry examples/mixins.js
889 silly gunzTarPerm modified mode [ 'examples/mixins.js', 436, 420 ]
890 silly gunzTarPerm extractEntry examples/mixins/
891 silly gunzTarPerm modified mode [ 'examples/mixins/', 509, 493 ]
892 silly gunzTarPerm extractEntry examples/mixins/dialog.jade
893 silly gunzTarPerm modified mode [ 'examples/mixins/dialog.jade', 436, 420 ]
894 silly gunzTarPerm extractEntry examples/mixins/profile.jade
895 silly gunzTarPerm modified mode [ 'examples/mixins/profile.jade', 436, 420 ]
896 silly gunzTarPerm extractEntry examples/pet.jade
897 silly gunzTarPerm modified mode [ 'examples/pet.jade', 436, 420 ]
898 silly gunzTarPerm extractEntry examples/rss.jade
899 silly gunzTarPerm modified mode [ 'examples/rss.jade', 436, 420 ]
900 silly gunzTarPerm extractEntry examples/rss.js
901 silly gunzTarPerm modified mode [ 'examples/rss.js', 436, 420 ]
902 silly gunzTarPerm extractEntry examples/text.jade
903 silly gunzTarPerm modified mode [ 'examples/text.jade', 436, 420 ]
904 silly gunzTarPerm extractEntry examples/text.js
905 silly gunzTarPerm modified mode [ 'examples/text.js', 436, 420 ]
906 silly gunzTarPerm extractEntry examples/whitespace.jade
907 silly gunzTarPerm modified mode [ 'examples/whitespace.jade', 436, 420 ]
908 silly gunzTarPerm extractEntry examples/whitespace.js
909 silly gunzTarPerm modified mode [ 'examples/whitespace.js', 436, 420 ]
910 silly gunzTarPerm extractEntry index.js
911 silly gunzTarPerm modified mode [ 'index.js', 436, 420 ]
912 silly gunzTarPerm extractEntry jade-language.md
913 silly gunzTarPerm modified mode [ 'jade-language.md', 436, 420 ]
914 silly gunzTarPerm extractEntry jade.js
915 silly gunzTarPerm modified mode [ 'jade.js', 436, 420 ]
916 silly gunzTarPerm extractEntry jade.md
917 silly gunzTarPerm modified mode [ 'jade.md', 436, 420 ]
918 silly gunzTarPerm extractEntry lib/
919 silly gunzTarPerm modified mode [ 'lib/', 509, 493 ]
920 silly gunzTarPerm extractEntry lib/compiler.js
921 silly gunzTarPerm modified mode [ 'lib/compiler.js', 436, 420 ]
922 silly gunzTarPerm extractEntry lib/doctypes.js
923 silly gunzTarPerm modified mode [ 'lib/doctypes.js', 436, 420 ]
924 silly gunzTarPerm extractEntry lib/filters-client.js
925 silly gunzTarPerm modified mode [ 'lib/filters-client.js', 436, 420 ]
926 silly gunzTarPerm extractEntry lib/filters.js
927 silly gunzTarPerm modified mode [ 'lib/filters.js', 436, 420 ]
928 silly gunzTarPerm extractEntry lib/index.js
929 silly gunzTarPerm modified mode [ 'lib/index.js', 511, 493 ]
930 silly gunzTarPerm extractEntry lib/inline-tags.js
931 silly gunzTarPerm modified mode [ 'lib/inline-tags.js', 436, 420 ]
932 silly gunzTarPerm extractEntry lib/jade.js
933 silly gunzTarPerm modified mode [ 'lib/jade.js', 436, 420 ]
934 silly gunzTarPerm extractEntry lib/lexer.js
935 silly gunzTarPerm modified mode [ 'lib/lexer.js', 436, 420 ]
936 silly gunzTarPerm extractEntry lib/nodes/
937 silly gunzTarPerm modified mode [ 'lib/nodes/', 509, 493 ]
938 silly gunzTarPerm extractEntry lib/nodes/attrs.js
939 silly gunzTarPerm modified mode [ 'lib/nodes/attrs.js', 436, 420 ]
940 silly gunzTarPerm extractEntry lib/nodes/block-comment.js
941 silly gunzTarPerm modified mode [ 'lib/nodes/block-comment.js', 436, 420 ]
942 silly gunzTarPerm extractEntry lib/nodes/block.js
943 silly gunzTarPerm modified mode [ 'lib/nodes/block.js', 436, 420 ]
944 silly gunzTarPerm extractEntry lib/nodes/case.js
945 silly gunzTarPerm modified mode [ 'lib/nodes/case.js', 436, 420 ]
946 silly gunzTarPerm extractEntry lib/nodes/code.js
947 silly gunzTarPerm modified mode [ 'lib/nodes/code.js', 436, 420 ]
948 silly gunzTarPerm extractEntry lib/nodes/comment.js
949 silly gunzTarPerm modified mode [ 'lib/nodes/comment.js', 436, 420 ]
950 silly gunzTarPerm extractEntry lib/nodes/doctype.js
951 silly gunzTarPerm modified mode [ 'lib/nodes/doctype.js', 436, 420 ]
952 silly gunzTarPerm extractEntry lib/nodes/each.js
953 silly gunzTarPerm modified mode [ 'lib/nodes/each.js', 436, 420 ]
954 silly gunzTarPerm extractEntry lib/nodes/filter.js
955 silly gunzTarPerm modified mode [ 'lib/nodes/filter.js', 436, 420 ]
956 silly gunzTarPerm extractEntry lib/nodes/index.js
957 silly gunzTarPerm modified mode [ 'lib/nodes/index.js', 436, 420 ]
958 silly gunzTarPerm extractEntry lib/nodes/literal.js
959 silly gunzTarPerm modified mode [ 'lib/nodes/literal.js', 436, 420 ]
960 silly gunzTarPerm extractEntry lib/nodes/mixin-block.js
961 silly gunzTarPerm modified mode [ 'lib/nodes/mixin-block.js', 436, 420 ]
962 silly gunzTarPerm extractEntry lib/nodes/mixin.js
963 silly gunzTarPerm modified mode [ 'lib/nodes/mixin.js', 436, 420 ]
964 silly gunzTarPerm extractEntry lib/nodes/node.js
965 silly gunzTarPerm modified mode [ 'lib/nodes/node.js', 436, 420 ]
966 silly gunzTarPerm extractEntry lib/nodes/tag.js
967 silly gunzTarPerm modified mode [ 'lib/nodes/tag.js', 436, 420 ]
968 silly gunzTarPerm extractEntry lib/nodes/text.js
969 silly gunzTarPerm modified mode [ 'lib/nodes/text.js', 436, 420 ]
970 silly gunzTarPerm extractEntry lib/parser.js
971 silly gunzTarPerm modified mode [ 'lib/parser.js', 436, 420 ]
972 silly gunzTarPerm extractEntry lib/runtime.js
973 silly gunzTarPerm modified mode [ 'lib/runtime.js', 436, 420 ]
974 silly gunzTarPerm extractEntry lib/self-closing.js
975 silly gunzTarPerm modified mode [ 'lib/self-closing.js', 436, 420 ]
976 silly gunzTarPerm extractEntry lib/utils.js
977 silly gunzTarPerm modified mode [ 'lib/utils.js', 436, 420 ]
978 silly gunzTarPerm extractEntry package.json
979 silly gunzTarPerm modified mode [ 'package.json', 436, 420 ]
980 silly gunzTarPerm extractEntry runtime.js
981 silly gunzTarPerm modified mode [ 'runtime.js', 436, 420 ]
982 silly gunzTarPerm extractEntry support/
983 silly gunzTarPerm modified mode [ 'support/', 509, 493 ]
984 silly gunzTarPerm extractEntry support/benchmark.js
985 silly gunzTarPerm modified mode [ 'support/benchmark.js', 436, 420 ]
986 silly gunzTarPerm extractEntry test/
987 silly gunzTarPerm modified mode [ 'test/', 509, 493 ]
988 silly gunzTarPerm extractEntry test/README.md
989 silly gunzTarPerm modified mode [ 'test/README.md', 436, 420 ]
990 silly gunzTarPerm extractEntry test/anti-cases/
991 silly gunzTarPerm modified mode [ 'test/anti-cases/', 509, 493 ]
992 silly gunzTarPerm extractEntry test/anti-cases/attrs.unescaped.jade
993 silly gunzTarPerm modified mode [ 'test/anti-cases/attrs.unescaped.jade', 436, 420 ]
994 silly gunzTarPerm extractEntry test/anti-cases/case-when.jade
995 silly gunzTarPerm modified mode [ 'test/anti-cases/case-when.jade', 436, 420 ]
996 silly gunzTarPerm extractEntry test/anti-cases/case-without-with.jade
997 silly gunzTarPerm modified mode [ 'test/anti-cases/case-without-with.jade', 436, 420 ]
998 silly gunzTarPerm extractEntry test/anti-cases/doctype-5.jade
999 silly gunzTarPerm modified mode [ 'test/anti-cases/doctype-5.jade', 436, 420 ]
1000 silly gunzTarPerm extractEntry test/anti-cases/else-condition.jade
1001 silly gunzTarPerm modified mode [ 'test/anti-cases/else-condition.jade', 436, 420 ]
1002 silly gunzTarPerm extractEntry test/anti-cases/else-without-if.jade
1003 silly gunzTarPerm modified mode [ 'test/anti-cases/else-without-if.jade', 436, 420 ]
1004 silly gunzTarPerm extractEntry test/anti-cases/inlining-a-mixin-after-a-tag.jade
1005 silly gunzTarPerm modified mode [ 'test/anti-cases/inlining-a-mixin-after-a-tag.jade', 436, 420 ]
1006 silly gunzTarPerm extractEntry test/anti-cases/key-char-ending-badly.jade
1007 silly gunzTarPerm modified mode [ 'test/anti-cases/key-char-ending-badly.jade', 436, 420 ]
1008 silly gunzTarPerm extractEntry test/anti-cases/key-ending-badly.jade
1009 silly gunzTarPerm modified mode [ 'test/anti-cases/key-ending-badly.jade', 436, 420 ]
1010 silly gunzTarPerm extractEntry test/anti-cases/mixins-blocks-with-bodies.jade
1011 silly gunzTarPerm modified mode [ 'test/anti-cases/mixins-blocks-with-bodies.jade', 436, 420 ]
1012 silly gunzTarPerm extractEntry test/anti-cases/multiple-non-nested-tags-on-a-line.jade
1013 silly gunzTarPerm modified mode [ 'test/anti-cases/multiple-non-nested-tags-on-a-line.jade',
1013 silly gunzTarPerm   436,
1013 silly gunzTarPerm   420 ]
1014 silly gunzTarPerm extractEntry test/anti-cases/non-existant-filter.jade
1015 silly gunzTarPerm modified mode [ 'test/anti-cases/non-existant-filter.jade', 436, 420 ]
1016 silly gunzTarPerm extractEntry test/anti-cases/non-mixin-block.jade
1017 silly gunzTarPerm modified mode [ 'test/anti-cases/non-mixin-block.jade', 436, 420 ]
1018 silly gunzTarPerm extractEntry test/anti-cases/open-brace-in-attributes.jade
1019 silly gunzTarPerm modified mode [ 'test/anti-cases/open-brace-in-attributes.jade', 436, 420 ]
1020 silly gunzTarPerm extractEntry test/anti-cases/readme.md
1021 silly gunzTarPerm modified mode [ 'test/anti-cases/readme.md', 436, 420 ]
1022 silly gunzTarPerm extractEntry test/anti-cases/self-closing-tag-with-body.jade
1023 silly gunzTarPerm modified mode [ 'test/anti-cases/self-closing-tag-with-body.jade', 436, 420 ]
1024 silly gunzTarPerm extractEntry test/anti-cases/self-closing.jade
1025 silly gunzTarPerm modified mode [ 'test/anti-cases/self-closing.jade', 436, 420 ]
1026 silly gunzTarPerm extractEntry test/anti-cases/tabs-and-spaces.jade
1027 silly gunzTarPerm modified mode [ 'test/anti-cases/tabs-and-spaces.jade', 436, 420 ]
1028 silly gunzTarPerm extractEntry test/browser/
1029 silly gunzTarPerm modified mode [ 'test/browser/', 509, 493 ]
1030 silly gunzTarPerm extractEntry test/browser/index.html
1031 silly gunzTarPerm modified mode [ 'test/browser/index.html', 436, 420 ]
1032 silly gunzTarPerm extractEntry test/browser/index.jade
1033 silly gunzTarPerm modified mode [ 'test/browser/index.jade', 436, 420 ]
1034 silly gunzTarPerm extractEntry test/cases/
1035 silly gunzTarPerm modified mode [ 'test/cases/', 509, 493 ]
1036 silly gunzTarPerm extractEntry test/cases/attrs-data.html
1037 silly gunzTarPerm modified mode [ 'test/cases/attrs-data.html', 436, 420 ]
1038 silly gunzTarPerm extractEntry test/cases/attrs-data.jade
1039 silly gunzTarPerm modified mode [ 'test/cases/attrs-data.jade', 436, 420 ]
1040 silly gunzTarPerm extractEntry test/cases/attrs.html
1041 silly gunzTarPerm modified mode [ 'test/cases/attrs.html', 436, 420 ]
1042 silly gunzTarPerm extractEntry test/cases/attrs.interpolation.html
1043 silly gunzTarPerm modified mode [ 'test/cases/attrs.interpolation.html', 436, 420 ]
1044 silly gunzTarPerm extractEntry test/cases/attrs.interpolation.jade
1045 silly gunzTarPerm modified mode [ 'test/cases/attrs.interpolation.jade', 436, 420 ]
1046 silly gunzTarPerm extractEntry test/cases/attrs.jade
1047 silly gunzTarPerm modified mode [ 'test/cases/attrs.jade', 436, 420 ]
1048 silly gunzTarPerm extractEntry test/cases/attrs.js.html
1049 silly gunzTarPerm modified mode [ 'test/cases/attrs.js.html', 436, 420 ]
1050 silly gunzTarPerm extractEntry test/cases/attrs.js.jade
1051 silly gunzTarPerm modified mode [ 'test/cases/attrs.js.jade', 436, 420 ]
1052 silly gunzTarPerm extractEntry test/cases/attrs.unescaped.html
1053 silly gunzTarPerm modified mode [ 'test/cases/attrs.unescaped.html', 436, 420 ]
1054 silly gunzTarPerm extractEntry test/cases/attrs.unescaped.jade
1055 silly gunzTarPerm modified mode [ 'test/cases/attrs.unescaped.jade', 436, 420 ]
1056 silly gunzTarPerm extractEntry test/cases/auxiliary/
1057 silly gunzTarPerm modified mode [ 'test/cases/auxiliary/', 509, 493 ]
1058 silly gunzTarPerm extractEntry test/cases/auxiliary/dialog.jade
1059 silly gunzTarPerm modified mode [ 'test/cases/auxiliary/dialog.jade', 436, 420 ]
1060 silly gunzTarPerm extractEntry test/cases/auxiliary/empty-block.jade
1061 silly gunzTarPerm modified mode [ 'test/cases/auxiliary/empty-block.jade', 436, 420 ]
1062 silly gunzTarPerm extractEntry test/cases/auxiliary/escapes.html
1063 silly gunzTarPerm modified mode [ 'test/cases/auxiliary/escapes.html', 436, 420 ]
1064 silly gunzTarPerm extractEntry test/cases/auxiliary/extends-empty-block-1.jade
1065 silly gunzTarPerm modified mode [ 'test/cases/auxiliary/extends-empty-block-1.jade', 436, 420 ]
1066 silly gunzTarPerm extractEntry test/cases/auxiliary/extends-empty-block-2.jade
1067 silly gunzTarPerm modified mode [ 'test/cases/auxiliary/extends-empty-block-2.jade', 436, 420 ]
1068 silly gunzTarPerm extractEntry test/cases/auxiliary/extends-from-root.jade
1069 silly gunzTarPerm modified mode [ 'test/cases/auxiliary/extends-from-root.jade', 436, 420 ]
1070 silly gunzTarPerm extractEntry test/cases/auxiliary/includable.js
1071 silly gunzTarPerm modified mode [ 'test/cases/auxiliary/includable.js', 436, 420 ]
1072 silly gunzTarPerm extractEntry test/cases/auxiliary/include-from-root.jade
1073 silly gunzTarPerm modified mode [ 'test/cases/auxiliary/include-from-root.jade', 436, 420 ]
1074 silly gunzTarPerm extractEntry test/cases/auxiliary/inheritance.extend.mixin.block.jade
1075 silly gunzTarPerm modified mode [ 'test/cases/auxiliary/inheritance.extend.mixin.block.jade',
1075 silly gunzTarPerm   436,
1075 silly gunzTarPerm   420 ]
1076 silly gunzTarPerm extractEntry test/cases/auxiliary/inheritance.extend.recursive-grand-grandparent.jade
1077 silly gunzTarPerm modified mode [ 'test/cases/auxiliary/inheritance.extend.recursive-grand-grandparent.jade',
1077 silly gunzTarPerm   436,
1077 silly gunzTarPerm   420 ]
1078 silly gunzTarPerm extractEntry test/cases/auxiliary/inheritance.extend.recursive-grandparent.jade
1079 silly gunzTarPerm modified mode [ 'test/cases/auxiliary/inheritance.extend.recursive-grandparent.jade',
1079 silly gunzTarPerm   436,
1079 silly gunzTarPerm   420 ]
1080 silly gunzTarPerm extractEntry test/cases/auxiliary/inheritance.extend.recursive-parent.jade
1081 silly gunzTarPerm modified mode [ 'test/cases/auxiliary/inheritance.extend.recursive-parent.jade',
1081 silly gunzTarPerm   436,
1081 silly gunzTarPerm   420 ]
1082 silly gunzTarPerm extractEntry test/cases/auxiliary/layout.include.jade
1083 silly gunzTarPerm modified mode [ 'test/cases/auxiliary/layout.include.jade', 436, 420 ]
1084 silly gunzTarPerm extractEntry test/cases/auxiliary/layout.jade
1085 silly gunzTarPerm modified mode [ 'test/cases/auxiliary/layout.jade', 436, 420 ]
1086 silly gunzTarPerm extractEntry test/cases/auxiliary/mixins.jade
1087 silly gunzTarPerm modified mode [ 'test/cases/auxiliary/mixins.jade', 436, 420 ]
1088 silly gunzTarPerm extractEntry test/cases/auxiliary/pet.jade
1089 silly gunzTarPerm modified mode [ 'test/cases/auxiliary/pet.jade', 436, 420 ]
1090 silly gunzTarPerm extractEntry test/cases/auxiliary/smile.html
1091 silly gunzTarPerm modified mode [ 'test/cases/auxiliary/smile.html', 436, 420 ]
1092 silly gunzTarPerm extractEntry test/cases/auxiliary/window.jade
1093 silly gunzTarPerm modified mode [ 'test/cases/auxiliary/window.jade', 436, 420 ]
1094 silly gunzTarPerm extractEntry test/cases/auxiliary/yield-nested.jade
1095 silly gunzTarPerm modified mode [ 'test/cases/auxiliary/yield-nested.jade', 436, 420 ]
1096 silly gunzTarPerm extractEntry test/cases/basic.html
1097 silly gunzTarPerm modified mode [ 'test/cases/basic.html', 436, 420 ]
1098 silly gunzTarPerm extractEntry test/cases/basic.jade
1099 silly gunzTarPerm modified mode [ 'test/cases/basic.jade', 436, 420 ]
1100 silly gunzTarPerm extractEntry test/cases/blanks.html
1101 silly gunzTarPerm modified mode [ 'test/cases/blanks.html', 436, 420 ]
1102 silly gunzTarPerm extractEntry test/cases/blanks.jade
1103 silly gunzTarPerm modified mode [ 'test/cases/blanks.jade', 436, 420 ]
1104 silly gunzTarPerm extractEntry test/cases/block-expansion.html
1105 silly gunzTarPerm modified mode [ 'test/cases/block-expansion.html', 436, 420 ]
1106 silly gunzTarPerm extractEntry test/cases/block-expansion.jade
1107 silly gunzTarPerm modified mode [ 'test/cases/block-expansion.jade', 436, 420 ]
1108 silly gunzTarPerm extractEntry test/cases/block-expansion.shorthands.html
1109 silly gunzTarPerm modified mode [ 'test/cases/block-expansion.shorthands.html', 436, 420 ]
1110 error Error: ENOENT, lstat '/Users/dalgard/Documents/Repositories/Meteor/packages/dalgard_viewmodel/packages/jade-compiler/.npm/package-new-xtluvy/node_modules/jade/jade.js'
1111 error If you need help, you may report this *entire* log,
1111 error including the npm and node versions, at:
1111 error     <http://github.com/npm/npm/issues>
1112 error System Darwin 13.4.0
1113 error command "/Users/dalgard/.meteor/packages/meteor-tool/.1.1.4.11zaivl++os.osx.x86_64+web.browser+web.cordova/mt-os.osx.x86_64/dev_bundle/bin/node" "/Users/dalgard/.meteor/packages/meteor-tool/.1.1.4.11zaivl++os.osx.x86_64+web.browser+web.cordova/mt-os.osx.x86_64/dev_bundle/bin/npm" "install"
1114 error cwd /Users/dalgard/Documents/Repositories/Meteor/packages/dalgard_viewmodel/packages/jade-compiler/.npm/package-new-xtluvy
1115 error node -v v0.10.36
1116 error npm -v 1.4.28
1117 error path /Users/dalgard/Documents/Repositories/Meteor/packages/dalgard_viewmodel/packages/jade-compiler/.npm/package-new-xtluvy/node_modules/jade/jade.js
1118 error fstream_path /Users/dalgard/Documents/Repositories/Meteor/packages/dalgard_viewmodel/packages/jade-compiler/.npm/package-new-xtluvy/node_modules/jade/jade.js
1119 error fstream_type File
1120 error fstream_class FileWriter
1121 error code ENOENT
1122 error errno 34
1123 error fstream_stack /Users/dalgard/.meteor/packages/meteor-tool/.1.1.4.11zaivl++os.osx.x86_64+web.browser+web.cordova/mt-os.osx.x86_64/dev_bundle/lib/node_modules/npm/node_modules/fstream/lib/writer.js:287:26
1123 error fstream_stack Object.oncomplete (evalmachine.<anonymous>:108:15)
1124 verbose exit [ 34, true ]
